This is XeTeX, Version 3.141592653-2.6-0.999994 (TeX Live 2022) (preloaded format=xelatex 2023.10.8)  10 NOV 2023 13:06
entering extended mode
 restricted \write18 enabled.
 %&-line parsing enabled.
**index.tex
(./index.tex
LaTeX2e <2022-11-01> patch level 1
L3 programming layer <2023-02-22> (/Users/agrogan/Library/TinyTeX/texmf-dist/tex/latex/koma-script/scrreprt.cls
Document Class: scrreprt 2022/10/12 v3.38 KOMA-Script document class (report)
(/Users/agrogan/Library/TinyTeX/texmf-dist/tex/latex/koma-script/scrkbase.sty
Package: scrkbase 2022/10/12 v3.38 KOMA-Script package (KOMA-Script-dependent basics and keyval usage)
(/Users/agrogan/Library/TinyTeX/texmf-dist/tex/latex/koma-script/scrbase.sty
Package: scrbase 2022/10/12 v3.38 KOMA-Script package (KOMA-Script-independent basics and keyval usage)
(/Users/agrogan/Library/TinyTeX/texmf-dist/tex/latex/koma-script/scrlfile.sty
Package: scrlfile 2022/10/12 v3.38 KOMA-Script package (file load hooks)
(/Users/agrogan/Library/TinyTeX/texmf-dist/tex/latex/koma-script/scrlfile-hook.sty
Package: scrlfile-hook 2022/10/12 v3.38 KOMA-Script package (using LaTeX hooks)
(/Users/agrogan/Library/TinyTeX/texmf-dist/tex/latex/koma-script/scrlogo.sty
Package: scrlogo 2022/10/12 v3.38 KOMA-Script package (logo)
))) (/Users/agrogan/Library/TinyTeX/texmf-dist/tex/latex/graphics/keyval.sty
Package: keyval 2022/05/29 v1.15 key=value parser (DPC)
\KV@toks@=\toks16
)
Applying: [2021/05/01] Usage of raw or classic option list on input line 252.
Already applied: [0000/00/00] Usage of raw or classic option list on input line 368.
)) (/Users/agrogan/Library/TinyTeX/texmf-dist/tex/latex/koma-script/tocbasic.sty
Package: tocbasic 2022/10/12 v3.38 KOMA-Script package (handling toc-files)
\scr@dte@tocline@numberwidth=\skip48
\scr@dte@tocline@numbox=\box51
)
Package tocbasic Info: omitting babel extension for `toc'
(tocbasic)             because of feature `nobabel' available
(tocbasic)             for `toc' on input line 137.
Class scrreprt Info: You've used standard option `oneside'.
(scrreprt)           This is correct!
(scrreprt)           Internally I'm using `twoside=false'.
(scrreprt)           If you'd like to set the option with \KOMAoptions,
(scrreprt)           you'd have to use `twoside=false' there
(scrreprt)           instead of `oneside', too.
Class scrreprt Info: File `scrsize11pt.clo' used instead of
(scrreprt)           file `scrsize11.clo' to setup font sizes on input line 2614.
(/Users/agrogan/Library/TinyTeX/texmf-dist/tex/latex/koma-script/scrsize11pt.clo
File: scrsize11pt.clo 2022/10/12 v3.38 KOMA-Script font size class option (11pt)
) (/Users/agrogan/Library/TinyTeX/texmf-dist/tex/latex/koma-script/typearea.sty
Package: typearea 2022/10/12 v3.38 KOMA-Script package (type area)
\ta@bcor=\skip49
\ta@div=\count181
Package typearea Info: You've used standard option `letterpaper'.
(typearea)             This is correct!
(typearea)             Internally I'm using `paper=letter'.
(typearea)             If you'd like to set the option with \KOMAoptions,
(typearea)             you'd have to use `paper=letter' there
(typearea)             instead of `letterpaper', too.
Package typearea Info: You've used standard option `oneside'.
(typearea)             This is correct!
(typearea)             Internally I'm using `twoside=false'.
(typearea)             If you'd like to set the option with \KOMAoptions,
(typearea)             you'd have to use `twoside=false' there
(typearea)             instead of `oneside', too.
\ta@hblk=\skip50
\ta@vblk=\skip51
\ta@temp=\skip52
\footheight=\skip53
Package typearea Info: These are the values describing the layout:
(typearea)             DIV  = 11
(typearea)             BCOR = 0.0pt
(typearea)             \paperwidth      = 614.295pt
(typearea)              \textwidth      = 446.76004pt
(typearea)              DIV departure   = -14%
(typearea)              \evensidemargin = 11.49748pt
(typearea)              \oddsidemargin  = 11.49748pt
(typearea)             \paperheight     = 794.96999pt
(typearea)              \textheight     = 582.20026pt
(typearea)              \topmargin      = -37.40001pt
(typearea)              \headheight     = 17.0pt
(typearea)              \headsep        = 20.40001pt
(typearea)              \topskip        = 11.0pt
(typearea)              \footskip       = 47.6pt
(typearea)              \baselineskip   = 13.6pt
(typearea)              on input line 1767.
)
\c@part=\count182
\c@chapter=\count183
\c@section=\count184
\c@subsection=\count185
\c@subsubsection=\count186
\c@paragraph=\count187
\c@subparagraph=\count188
\scr@dte@chapter@maxnumwidth=\skip54
Class scrreprt Info: using compatibility default `afterindent=bysign'
(scrreprt)           for `\chapter on input line 5902.
\scr@dte@section@maxnumwidth=\skip55
Class scrreprt Info: using compatibility default `runin=bysign'
(scrreprt)           for `\section on input line 5913.
Class scrreprt Info: using compatibility default `afterindent=bysign'
(scrreprt)           for `\section on input line 5913.
\scr@dte@part@maxnumwidth=\skip56
Class scrreprt Info: using compatibility default `afterindent=true'
(scrreprt)           for `\part on input line 5922.
\scr@dte@subsection@maxnumwidth=\skip57
Class scrreprt Info: using compatibility default `runin=bysign'
(scrreprt)           for `\subsection on input line 5932.
Class scrreprt Info: using compatibility default `afterindent=bysign'
(scrreprt)           for `\subsection on input line 5932.
\scr@dte@subsubsection@maxnumwidth=\skip58
Class scrreprt Info: using compatibility default `runin=bysign'
(scrreprt)           for `\subsubsection on input line 5942.
Class scrreprt Info: using compatibility default `afterindent=bysign'
(scrreprt)           for `\subsubsection on input line 5942.
\scr@dte@paragraph@maxnumwidth=\skip59
Class scrreprt Info: using compatibility default `runin=bysign'
(scrreprt)           for `\paragraph on input line 5953.
Class scrreprt Info: using compatibility default `afterindent=bysign'
(scrreprt)           for `\paragraph on input line 5953.
\scr@dte@subparagraph@maxnumwidth=\skip60
Class scrreprt Info: using compatibility default `runin=bysign'
(scrreprt)           for `\subparagraph on input line 5963.
Class scrreprt Info: using compatibility default `afterindent=bysign'
(scrreprt)           for `\subparagraph on input line 5963.
\abovecaptionskip=\skip61
\belowcaptionskip=\skip62
\c@pti@nb@sid@b@x=\box52
Package tocbasic Info: omitting babel extension for `lof'
(tocbasic)             because of feature `nobabel' available
(tocbasic)             for `lof' on input line 7140.
\scr@dte@figure@maxnumwidth=\skip63
\c@figure=\count189
Package tocbasic Info: omitting babel extension for `lot'
(tocbasic)             because of feature `nobabel' available
(tocbasic)             for `lot' on input line 7157.
\scr@dte@table@maxnumwidth=\skip64
\c@table=\count190
Class scrreprt Info: Redefining `\numberline' on input line 7328.
\bibindent=\dimen140
) (/Users/agrogan/Library/TinyTeX/texmf-dist/tex/latex/amsmath/amsmath.sty
Package: amsmath 2022/04/08 v2.17n AMS math features
\@mathmargin=\skip65
For additional information on amsmath, use the `?' option.
(/Users/agrogan/Library/TinyTeX/texmf-dist/tex/latex/amsmath/amstext.sty
Package: amstext 2021/08/26 v2.01 AMS text
(/Users/agrogan/Library/TinyTeX/texmf-dist/tex/latex/amsmath/amsgen.sty
File: amsgen.sty 1999/11/30 v2.0 generic functions
\@emptytoks=\toks17
\ex@=\dimen141
)) (/Users/agrogan/Library/TinyTeX/texmf-dist/tex/latex/amsmath/amsbsy.sty
Package: amsbsy 1999/11/29 v1.2d Bold Symbols
\pmbraise@=\dimen142
) (/Users/agrogan/Library/TinyTeX/texmf-dist/tex/latex/amsmath/amsopn.sty
Package: amsopn 2022/04/08 v2.04 operator names
)
\inf@bad=\count191
LaTeX Info: Redefining \frac on input line 234.
\uproot@=\count192
\leftroot@=\count193
LaTeX Info: Redefining \overline on input line 399.
LaTeX Info: Redefining \colon on input line 410.
\classnum@=\count194
\DOTSCASE@=\count195
LaTeX Info: Redefining \ldots on input line 496.
LaTeX Info: Redefining \dots on input line 499.
LaTeX Info: Redefining \cdots on input line 620.
\Mathstrutbox@=\box53
\strutbox@=\box54
LaTeX Info: Redefining \big on input line 722.
LaTeX Info: Redefining \Big on input line 723.
LaTeX Info: Redefining \bigg on input line 724.
LaTeX Info: Redefining \Bigg on input line 725.
\big@size=\dimen143
LaTeX Font Info:    Redeclaring font encoding OML on input line 743.
LaTeX Font Info:    Redeclaring font encoding OMS on input line 744.
\macc@depth=\count196
LaTeX Info: Redefining \bmod on input line 905.
LaTeX Info: Redefining \pmod on input line 910.
LaTeX Info: Redefining \smash on input line 940.
LaTeX Info: Redefining \relbar on input line 970.
LaTeX Info: Redefining \Relbar on input line 971.
\c@MaxMatrixCols=\count197
\dotsspace@=\muskip16
\c@parentequation=\count198
\dspbrk@lvl=\count199
\tag@help=\toks18
\row@=\count266
\column@=\count267
\maxfields@=\count268
\andhelp@=\toks19
\eqnshift@=\dimen144
\alignsep@=\dimen145
\tagshift@=\dimen146
\tagwidth@=\dimen147
\totwidth@=\dimen148
\lineht@=\dimen149
\@envbody=\toks20
\multlinegap=\skip66
\multlinetaggap=\skip67
\mathdisplay@stack=\toks21
LaTeX Info: Redefining \[ on input line 2953.
LaTeX Info: Redefining \] on input line 2954.
) (/Users/agrogan/Library/TinyTeX/texmf-dist/tex/latex/amsfonts/amssymb.sty
Package: amssymb 2013/01/14 v3.01 AMS font symbols
(/Users/agrogan/Library/TinyTeX/texmf-dist/tex/latex/amsfonts/amsfonts.sty
Package: amsfonts 2013/01/14 v3.01 Basic AMSFonts support
\symAMSa=\mathgroup4
\symAMSb=\mathgroup5
LaTeX Font Info:    Redeclaring math symbol \hbar on input line 98.
LaTeX Font Info:    Overwriting math alphabet `\mathfrak' in version `bold'
(Font)                  U/euf/m/n --> U/euf/b/n on input line 106.
)) (/Users/agrogan/Library/TinyTeX/texmf-dist/tex/generic/iftex/iftex.sty
Package: iftex 2022/02/03 v1.0f TeX engine tests
) (/Users/agrogan/Library/TinyTeX/texmf-dist/tex/latex/unicode-math/unicode-math.sty (/Users/agrogan/Library/TinyTeX/texmf-dist/tex/latex/l3kernel/expl3.sty
Package: expl3 2023-02-22 L3 programming layer (loader) 
(/Users/agrogan/Library/TinyTeX/texmf-dist/tex/latex/l3backend/l3backend-xetex.def
File: l3backend-xetex.def 2023-01-16 L3 backend support: XeTeX
\g__graphics_track_int=\count269
\l__pdf_internal_box=\box55
\g__pdf_backend_object_int=\count270
\g__pdf_backend_annotation_int=\count271
\g__pdf_backend_link_int=\count272
))
Package: unicode-math 2020/01/31 v0.8q Unicode maths in XeLaTeX and LuaLaTeX
(/Users/agrogan/Library/TinyTeX/texmf-dist/tex/latex/unicode-math/unicode-math-xetex.sty
Package: unicode-math-xetex 2020/01/31 v0.8q Unicode maths in XeLaTeX and LuaLaTeX
(/Users/agrogan/Library/TinyTeX/texmf-dist/tex/latex/l3packages/xparse/xparse.sty
Package: xparse 2023-02-02 L3 Experimental document command parser
) (/Users/agrogan/Library/TinyTeX/texmf-dist/tex/latex/l3packages/l3keys2e/l3keys2e.sty
Package: l3keys2e 2023-02-02 LaTeX2e option processing using LaTeX3 keys
) (/Users/agrogan/Library/TinyTeX/texmf-dist/tex/latex/fontspec/fontspec.sty
Package: fontspec 2022/01/15 v2.8a Font selection for XeLaTeX and LuaLaTeX
(/Users/agrogan/Library/TinyTeX/texmf-dist/tex/latex/fontspec/fontspec-xetex.sty
Package: fontspec-xetex 2022/01/15 v2.8a Font selection for XeLaTeX and LuaLaTeX
\l__fontspec_script_int=\count273
\l__fontspec_language_int=\count274
\l__fontspec_strnum_int=\count275
\l__fontspec_tmp_int=\count276
\l__fontspec_tmpa_int=\count277
\l__fontspec_tmpb_int=\count278
\l__fontspec_tmpc_int=\count279
\l__fontspec_em_int=\count280
\l__fontspec_emdef_int=\count281
\l__fontspec_strong_int=\count282
\l__fontspec_strongdef_int=\count283
\l__fontspec_tmpa_dim=\dimen150
\l__fontspec_tmpb_dim=\dimen151
\l__fontspec_tmpc_dim=\dimen152
(/Users/agrogan/Library/TinyTeX/texmf-dist/tex/latex/base/fontenc.sty
Package: fontenc 2021/04/29 v2.0v Standard LaTeX package
) (/Users/agrogan/Library/TinyTeX/texmf-dist/tex/latex/fontspec/fontspec.cfg))) (/Users/agrogan/Library/TinyTeX/texmf-dist/tex/latex/base/fix-cm.sty
Package: fix-cm 2020/11/24 v1.1t fixes to LaTeX
(/Users/agrogan/Library/TinyTeX/texmf-dist/tex/latex/base/ts1enc.def
File: ts1enc.def 2001/06/05 v3.0e (jk/car/fm) Standard LaTeX file
LaTeX Font Info:    Redeclaring font encoding TS1 on input line 47.
))
\g__um_fam_int=\count284
\g__um_fonts_used_int=\count285
\l__um_primecount_int=\count286
\g__um_primekern_muskip=\muskip17
(/Users/agrogan/Library/TinyTeX/texmf-dist/tex/latex/unicode-math/unicode-math-table.tex))) (/Users/agrogan/Library/TinyTeX/texmf-dist/tex/latex/lm/lmodern.sty
Package: lmodern 2015/05/01 v1.6.1 Latin Modern Fonts
LaTeX Font Info:    Overwriting symbol font `operators' in version `normal'
(Font)                  OT1/cmr/m/n --> OT1/lmr/m/n on input line 22.
LaTeX Font Info:    Overwriting symbol font `letters' in version `normal'
(Font)                  OML/cmm/m/it --> OML/lmm/m/it on input line 23.
LaTeX Font Info:    Overwriting symbol font `symbols' in version `normal'
(Font)                  OMS/cmsy/m/n --> OMS/lmsy/m/n on input line 24.
LaTeX Font Info:    Overwriting symbol font `largesymbols' in version `normal'
(Font)                  OMX/cmex/m/n --> OMX/lmex/m/n on input line 25.
LaTeX Font Info:    Overwriting symbol font `operators' in version `bold'
(Font)                  OT1/cmr/bx/n --> OT1/lmr/bx/n on input line 26.
LaTeX Font Info:    Overwriting symbol font `letters' in version `bold'
(Font)                  OML/cmm/b/it --> OML/lmm/b/it on input line 27.
LaTeX Font Info:    Overwriting symbol font `symbols' in version `bold'
(Font)                  OMS/cmsy/b/n --> OMS/lmsy/b/n on input line 28.
LaTeX Font Info:    Overwriting symbol font `largesymbols' in version `bold'
(Font)                  OMX/cmex/m/n --> OMX/lmex/m/n on input line 29.
LaTeX Font Info:    Overwriting math alphabet `\mathbf' in version `normal'
(Font)                  OT1/cmr/bx/n --> OT1/lmr/bx/n on input line 31.
LaTeX Font Info:    Overwriting math alphabet `\mathsf' in version `normal'
(Font)                  OT1/cmss/m/n --> OT1/lmss/m/n on input line 32.
LaTeX Font Info:    Overwriting math alphabet `\mathit' in version `normal'
(Font)                  OT1/cmr/m/it --> OT1/lmr/m/it on input line 33.
LaTeX Font Info:    Overwriting math alphabet `\mathtt' in version `normal'
(Font)                  OT1/cmtt/m/n --> OT1/lmtt/m/n on input line 34.
LaTeX Font Info:    Overwriting math alphabet `\mathbf' in version `bold'
(Font)                  OT1/cmr/bx/n --> OT1/lmr/bx/n on input line 35.
LaTeX Font Info:    Overwriting math alphabet `\mathsf' in version `bold'
(Font)                  OT1/cmss/bx/n --> OT1/lmss/bx/n on input line 36.
LaTeX Font Info:    Overwriting math alphabet `\mathit' in version `bold'
(Font)                  OT1/cmr/bx/it --> OT1/lmr/bx/it on input line 37.
LaTeX Font Info:    Overwriting math alphabet `\mathtt' in version `bold'
(Font)                  OT1/cmtt/m/n --> OT1/lmtt/m/n on input line 38.
) (/Users/agrogan/Library/TinyTeX/texmf-dist/tex/latex/upquote/upquote.sty
Package: upquote 2012/04/19 v1.3 upright-quote and grave-accent glyphs in verbatim
(/Users/agrogan/Library/TinyTeX/texmf-dist/tex/latex/base/textcomp.sty
Package: textcomp 2020/02/02 v2.0n Standard LaTeX package
)) (/Users/agrogan/Library/TinyTeX/texmf-dist/tex/latex/microtype/microtype.sty
Package: microtype 2022/06/23 v3.0f Micro-typographical refinements (RS)
(/Users/agrogan/Library/TinyTeX/texmf-dist/tex/latex/etoolbox/etoolbox.sty
Package: etoolbox 2020/10/05 v2.5k e-TeX tools for LaTeX (JAW)
\etb@tempcnta=\count287
)
\MT@toks=\toks22
\MT@tempbox=\box56
\MT@count=\count288
LaTeX Info: Redefining \noprotrusionifhmode on input line 1045.
LaTeX Info: Redefining \leftprotrusion on input line 1046.
LaTeX Info: Redefining \rightprotrusion on input line 1056.
LaTeX Info: Redefining \textls on input line 1234.
\MT@outer@kern=\dimen153
LaTeX Info: Redefining \textmicrotypecontext on input line 1858.
\MT@listname@count=\count289
(/Users/agrogan/Library/TinyTeX/texmf-dist/tex/latex/microtype/microtype-xetex.def
File: microtype-xetex.def 2022/06/23 v3.0f Definitions specific to xetex (RS)
LaTeX Info: Redefining \lsstyle on input line 236.
)
Package microtype Info: Loading configuration file microtype.cfg.
(/Users/agrogan/Library/TinyTeX/texmf-dist/tex/latex/microtype/microtype.cfg
File: microtype.cfg 2022/06/23 v3.0f microtype main configuration file (RS)
)) (/Users/agrogan/Library/TinyTeX/texmf-dist/tex/latex/xcolor/xcolor.sty
Package: xcolor 2022/06/12 v2.14 LaTeX color extensions (UK)
(/Users/agrogan/Library/TinyTeX/texmf-dist/tex/latex/graphics-cfg/color.cfg
File: color.cfg 2016/01/02 v1.6 sample color configuration
)
Package xcolor Info: Driver file: xetex.def on input line 227.
(/Users/agrogan/Library/TinyTeX/texmf-dist/tex/latex/graphics-def/xetex.def
File: xetex.def 2022/09/22 v5.0n Graphics/color driver for xetex
) (/Users/agrogan/Library/TinyTeX/texmf-dist/tex/latex/graphics/mathcolor.ltx)
Package xcolor Info: Model `cmy' substituted by `cmy0' on input line 1353.
Package xcolor Info: Model `RGB' extended on input line 1369.
Package xcolor Info: Model `HTML' substituted by `rgb' on input line 1371.
Package xcolor Info: Model `Hsb' substituted by `hsb' on input line 1372.
Package xcolor Info: Model `tHsb' substituted by `hsb' on input line 1373.
Package xcolor Info: Model `HSB' substituted by `hsb' on input line 1374.
Package xcolor Info: Model `Gray' substituted by `gray' on input line 1375.
Package xcolor Info: Model `wave' substituted by `hsb' on input line 1376.
(/Users/agrogan/Library/TinyTeX/texmf-dist/tex/latex/graphics/dvipsnam.def
File: dvipsnam.def 2016/06/17 v3.0m Driver-dependent file (DPC,SPQR)
) (/Users/agrogan/Library/TinyTeX/texmf-dist/tex/latex/xcolor/svgnam.def
File: svgnam.def 2022/06/12 v2.14 Predefined colors according to SVG 1.1 (UK)
) (/Users/agrogan/Library/TinyTeX/texmf-dist/tex/latex/xcolor/x11nam.def
File: x11nam.def 2022/06/12 v2.14 Predefined colors according to Unix/X11 (UK)
)) (/Users/agrogan/Library/TinyTeX/texmf-dist/tex/latex/geometry/geometry.sty
Package: geometry 2020/01/02 v5.9 Page Geometry
(/Users/agrogan/Library/TinyTeX/texmf-dist/tex/generic/iftex/ifvtex.sty
Package: ifvtex 2019/10/25 v1.7 ifvtex legacy package. Use iftex instead.
)
\Gm@cnth=\count290
\Gm@cntv=\count291
\c@Gm@tempcnt=\count292
\Gm@bindingoffset=\dimen154
\Gm@wd@mp=\dimen155
\Gm@odd@mp=\dimen156
\Gm@even@mp=\dimen157
\Gm@layoutwidth=\dimen158
\Gm@layoutheight=\dimen159
\Gm@layouthoffset=\dimen160
\Gm@layoutvoffset=\dimen161
\Gm@dimlist=\toks23
) (/Users/agrogan/Library/TinyTeX/texmf-dist/tex/latex/fancyvrb/fancyvrb.sty
Package: fancyvrb 2023/01/19 4.5a verbatim text (tvz,hv)
\FV@CodeLineNo=\count293
\FV@InFile=\read2
\FV@TabBox=\box57
\c@FancyVerbLine=\count294
\FV@StepNumber=\count295
\FV@OutFile=\write3
) (/Users/agrogan/Library/TinyTeX/texmf-dist/tex/latex/framed/framed.sty
Package: framed 2011/10/22 v 0.96: framed or shaded text with page breaks
\OuterFrameSep=\skip68
\fb@frw=\dimen162
\fb@frh=\dimen163
\FrameRule=\dimen164
\FrameSep=\dimen165
) (/Users/agrogan/Library/TinyTeX/texmf-dist/tex/latex/tools/longtable.sty
Package: longtable 2021-09-01 v4.17 Multi-page Table package (DPC)
\LTleft=\skip69
\LTright=\skip70
\LTpre=\skip71
\LTpost=\skip72
\LTchunksize=\count296
\LTcapwidth=\dimen166
\LT@head=\box58
\LT@firsthead=\box59
\LT@foot=\box60
\LT@lastfoot=\box61
\LT@gbox=\box62
\LT@cols=\count297
\LT@rows=\count298
\c@LT@tables=\count299
\c@LT@chunks=\count300
\LT@p@ftn=\toks24
)
Class scrreprt Info: longtable captions redefined on input line 100.
(/Users/agrogan/Library/TinyTeX/texmf-dist/tex/latex/booktabs/booktabs.sty
Package: booktabs 2020/01/12 v1.61803398 Publication quality tables
\heavyrulewidth=\dimen167
\lightrulewidth=\dimen168
\cmidrulewidth=\dimen169
\belowrulesep=\dimen170
\belowbottomsep=\dimen171
\aboverulesep=\dimen172
\abovetopsep=\dimen173
\cmidrulesep=\dimen174
\cmidrulekern=\dimen175
\defaultaddspace=\dimen176
\@cmidla=\count301
\@cmidlb=\count302
\@aboverulesep=\dimen177
\@belowrulesep=\dimen178
\@thisruleclass=\count303
\@lastruleclass=\count304
\@thisrulewidth=\dimen179
) (/Users/agrogan/Library/TinyTeX/texmf-dist/tex/latex/tools/array.sty
Package: array 2022/09/04 v2.5g Tabular extension package (FMi)
\col@sep=\dimen180
\ar@mcellbox=\box63
\extrarowheight=\dimen181
\NC@list=\toks25
\extratabsurround=\skip73
\backup@length=\skip74
\ar@cellbox=\box64
) (/Users/agrogan/Library/TinyTeX/texmf-dist/tex/latex/tools/calc.sty
Package: calc 2017/05/25 v4.3 Infix arithmetic (KKT,FJ)
\calc@Acount=\count305
\calc@Bcount=\count306
\calc@Adimen=\dimen182
\calc@Bdimen=\dimen183
\calc@Askip=\skip75
\calc@Bskip=\skip76
LaTeX Info: Redefining \setlength on input line 80.
LaTeX Info: Redefining \addtolength on input line 81.
\calc@Ccount=\count307
\calc@Cskip=\skip77
) (/Users/agrogan/Library/TinyTeX/texmf-dist/tex/latex/mdwtools/footnote.sty
Package: footnote 1997/01/28 1.13 Save footnotes around boxes
\fn@notes=\box65
\fn@width=\dimen184
) (/Users/agrogan/Library/TinyTeX/texmf-dist/tex/latex/graphics/graphicx.sty
Package: graphicx 2021/09/16 v1.2d Enhanced LaTeX Graphics (DPC,SPQR)
(/Users/agrogan/Library/TinyTeX/texmf-dist/tex/latex/graphics/graphics.sty
Package: graphics 2022/03/10 v1.4e Standard LaTeX Graphics (DPC,SPQR)
(/Users/agrogan/Library/TinyTeX/texmf-dist/tex/latex/graphics/trig.sty
Package: trig 2021/08/11 v1.11 sin cos tan (DPC)
) (/Users/agrogan/Library/TinyTeX/texmf-dist/tex/latex/graphics-cfg/graphics.cfg
File: graphics.cfg 2016/06/04 v1.11 sample graphics configuration
)
Package graphics Info: Driver file: xetex.def on input line 107.
)
\Gin@req@height=\dimen185
\Gin@req@width=\dimen186
) (/Users/agrogan/Library/TinyTeX/texmf-dist/tex/latex/tcolorbox/tcolorbox.sty
Package: tcolorbox 2023/02/12 version 6.0.1 text color boxes
(/Users/agrogan/Library/TinyTeX/texmf-dist/tex/latex/pgf/basiclayer/pgf.sty (/Users/agrogan/Library/TinyTeX/texmf-dist/tex/latex/pgf/utilities/pgfrcs.sty (/Users/agrogan/Library/TinyTeX/texmf-dist/tex/generic/pgf/utilities/pgfutil-common.tex
\pgfutil@everybye=\toks26
\pgfutil@tempdima=\dimen187
\pgfutil@tempdimb=\dimen188
) (/Users/agrogan/Library/TinyTeX/texmf-dist/tex/generic/pgf/utilities/pgfutil-latex.def
\pgfutil@abb=\box66
) (/Users/agrogan/Library/TinyTeX/texmf-dist/tex/generic/pgf/utilities/pgfrcs.code.tex (/Users/agrogan/Library/TinyTeX/texmf-dist/tex/generic/pgf/pgf.revision.tex)
Package: pgfrcs 2023-01-15 v3.1.10 (3.1.10)
))
Package: pgf 2023-01-15 v3.1.10 (3.1.10)
(/Users/agrogan/Library/TinyTeX/texmf-dist/tex/latex/pgf/basiclayer/pgfcore.sty (/Users/agrogan/Library/TinyTeX/texmf-dist/tex/latex/pgf/systemlayer/pgfsys.sty (/Users/agrogan/Library/TinyTeX/texmf-dist/tex/generic/pgf/systemlayer/pgfsys.code.tex
Package: pgfsys 2023-01-15 v3.1.10 (3.1.10)
(/Users/agrogan/Library/TinyTeX/texmf-dist/tex/generic/pgf/utilities/pgfkeys.code.tex
\pgfkeys@pathtoks=\toks27
\pgfkeys@temptoks=\toks28
(/Users/agrogan/Library/TinyTeX/texmf-dist/tex/generic/pgf/utilities/pgfkeyslibraryfiltered.code.tex
\pgfkeys@tmptoks=\toks29
))
\pgf@x=\dimen189
\pgf@y=\dimen190
\pgf@xa=\dimen191
\pgf@ya=\dimen192
\pgf@xb=\dimen193
\pgf@yb=\dimen194
\pgf@xc=\dimen195
\pgf@yc=\dimen196
\pgf@xd=\dimen197
\pgf@yd=\dimen198
\w@pgf@writea=\write4
\r@pgf@reada=\read3
\c@pgf@counta=\count308
\c@pgf@countb=\count309
\c@pgf@countc=\count310
\c@pgf@countd=\count311
\t@pgf@toka=\toks30
\t@pgf@tokb=\toks31
\t@pgf@tokc=\toks32
\pgf@sys@id@count=\count312
(/Users/agrogan/Library/TinyTeX/texmf-dist/tex/generic/pgf/systemlayer/pgf.cfg
File: pgf.cfg 2023-01-15 v3.1.10 (3.1.10)
)
Driver file for pgf: pgfsys-xetex.def
(/Users/agrogan/Library/TinyTeX/texmf-dist/tex/generic/pgf/systemlayer/pgfsys-xetex.def
File: pgfsys-xetex.def 2023-01-15 v3.1.10 (3.1.10)
(/Users/agrogan/Library/TinyTeX/texmf-dist/tex/generic/pgf/systemlayer/pgfsys-dvipdfmx.def
File: pgfsys-dvipdfmx.def 2023-01-15 v3.1.10 (3.1.10)
(/Users/agrogan/Library/TinyTeX/texmf-dist/tex/generic/pgf/systemlayer/pgfsys-common-pdf.def
File: pgfsys-common-pdf.def 2023-01-15 v3.1.10 (3.1.10)
)
\pgfsys@objnum=\count313
))) (/Users/agrogan/Library/TinyTeX/texmf-dist/tex/generic/pgf/systemlayer/pgfsyssoftpath.code.tex
File: pgfsyssoftpath.code.tex 2023-01-15 v3.1.10 (3.1.10)
\pgfsyssoftpath@smallbuffer@items=\count314
\pgfsyssoftpath@bigbuffer@items=\count315
) (/Users/agrogan/Library/TinyTeX/texmf-dist/tex/generic/pgf/systemlayer/pgfsysprotocol.code.tex
File: pgfsysprotocol.code.tex 2023-01-15 v3.1.10 (3.1.10)
)) (/Users/agrogan/Library/TinyTeX/texmf-dist/tex/generic/pgf/basiclayer/pgfcore.code.tex
Package: pgfcore 2023-01-15 v3.1.10 (3.1.10)
(/Users/agrogan/Library/TinyTeX/texmf-dist/tex/generic/pgf/math/pgfmath.code.tex (/Users/agrogan/Library/TinyTeX/texmf-dist/tex/generic/pgf/math/pgfmathutil.code.tex) (/Users/agrogan/Library/TinyTeX/texmf-dist/tex/generic/pgf/math/pgfmathparser.code.tex
\pgfmath@dimen=\dimen199
\pgfmath@count=\count316
\pgfmath@box=\box67
\pgfmath@toks=\toks33
\pgfmath@stack@operand=\toks34
\pgfmath@stack@operation=\toks35
) (/Users/agrogan/Library/TinyTeX/texmf-dist/tex/generic/pgf/math/pgfmathfunctions.code.tex) (/Users/agrogan/Library/TinyTeX/texmf-dist/tex/generic/pgf/math/pgfmathfunctions.basic.code.tex) (/Users/agrogan/Library/TinyTeX/texmf-dist/tex/generic/pgf/math/pgfmathfunctions.trigonometric.code.tex) (/Users/agrogan/Library/TinyTeX/texmf-dist/tex/generic/pgf/math/pgfmathfunctions.random.code.tex) (/Users/agrogan/Library/TinyTeX/texmf-dist/tex/generic/pgf/math/pgfmathfunctions.comparison.code.tex) (/Users/agrogan/Library/TinyTeX/texmf-dist/tex/generic/pgf/math/pgfmathfunctions.base.code.tex) (/Users/agrogan/Library/TinyTeX/texmf-dist/tex/generic/pgf/math/pgfmathfunctions.round.code.tex) (/Users/agrogan/Library/TinyTeX/texmf-dist/tex/generic/pgf/math/pgfmathfunctions.misc.code.tex) (/Users/agrogan/Library/TinyTeX/texmf-dist/tex/generic/pgf/math/pgfmathfunctions.integerarithmetics.code.tex) (/Users/agrogan/Library/TinyTeX/texmf-dist/tex/generic/pgf/math/pgfmathcalc.code.tex) (/Users/agrogan/Library/TinyTeX/texmf-dist/tex/generic/pgf/math/pgfmathfloat.code.tex
\c@pgfmathroundto@lastzeros=\count317
)) (/Users/agrogan/Library/TinyTeX/texmf-dist/tex/generic/pgf/math/pgfint.code.tex) (/Users/agrogan/Library/TinyTeX/texmf-dist/tex/generic/pgf/basiclayer/pgfcorepoints.code.tex
File: pgfcorepoints.code.tex 2023-01-15 v3.1.10 (3.1.10)
\pgf@picminx=\dimen256
\pgf@picmaxx=\dimen257
\pgf@picminy=\dimen258
\pgf@picmaxy=\dimen259
\pgf@pathminx=\dimen260
\pgf@pathmaxx=\dimen261
\pgf@pathminy=\dimen262
\pgf@pathmaxy=\dimen263
\pgf@xx=\dimen264
\pgf@xy=\dimen265
\pgf@yx=\dimen266
\pgf@yy=\dimen267
\pgf@zx=\dimen268
\pgf@zy=\dimen269
) (/Users/agrogan/Library/TinyTeX/texmf-dist/tex/generic/pgf/basiclayer/pgfcorepathconstruct.code.tex
File: pgfcorepathconstruct.code.tex 2023-01-15 v3.1.10 (3.1.10)
\pgf@path@lastx=\dimen270
\pgf@path@lasty=\dimen271
) (/Users/agrogan/Library/TinyTeX/texmf-dist/tex/generic/pgf/basiclayer/pgfcorepathusage.code.tex
File: pgfcorepathusage.code.tex 2023-01-15 v3.1.10 (3.1.10)
\pgf@shorten@end@additional=\dimen272
\pgf@shorten@start@additional=\dimen273
) (/Users/agrogan/Library/TinyTeX/texmf-dist/tex/generic/pgf/basiclayer/pgfcorescopes.code.tex
File: pgfcorescopes.code.tex 2023-01-15 v3.1.10 (3.1.10)
\pgfpic=\box68
\pgf@hbox=\box69
\pgf@layerbox@main=\box70
\pgf@picture@serial@count=\count318
) (/Users/agrogan/Library/TinyTeX/texmf-dist/tex/generic/pgf/basiclayer/pgfcoregraphicstate.code.tex
File: pgfcoregraphicstate.code.tex 2023-01-15 v3.1.10 (3.1.10)
\pgflinewidth=\dimen274
) (/Users/agrogan/Library/TinyTeX/texmf-dist/tex/generic/pgf/basiclayer/pgfcoretransformations.code.tex
File: pgfcoretransformations.code.tex 2023-01-15 v3.1.10 (3.1.10)
\pgf@pt@x=\dimen275
\pgf@pt@y=\dimen276
\pgf@pt@temp=\dimen277
) (/Users/agrogan/Library/TinyTeX/texmf-dist/tex/generic/pgf/basiclayer/pgfcorequick.code.tex
File: pgfcorequick.code.tex 2023-01-15 v3.1.10 (3.1.10)
) (/Users/agrogan/Library/TinyTeX/texmf-dist/tex/generic/pgf/basiclayer/pgfcoreobjects.code.tex
File: pgfcoreobjects.code.tex 2023-01-15 v3.1.10 (3.1.10)
) (/Users/agrogan/Library/TinyTeX/texmf-dist/tex/generic/pgf/basiclayer/pgfcorepathprocessing.code.tex
File: pgfcorepathprocessing.code.tex 2023-01-15 v3.1.10 (3.1.10)
) (/Users/agrogan/Library/TinyTeX/texmf-dist/tex/generic/pgf/basiclayer/pgfcorearrows.code.tex
File: pgfcorearrows.code.tex 2023-01-15 v3.1.10 (3.1.10)
\pgfarrowsep=\dimen278
) (/Users/agrogan/Library/TinyTeX/texmf-dist/tex/generic/pgf/basiclayer/pgfcoreshade.code.tex
File: pgfcoreshade.code.tex 2023-01-15 v3.1.10 (3.1.10)
\pgf@max=\dimen279
\pgf@sys@shading@range@num=\count319
\pgf@shadingcount=\count320
) (/Users/agrogan/Library/TinyTeX/texmf-dist/tex/generic/pgf/basiclayer/pgfcoreimage.code.tex
File: pgfcoreimage.code.tex 2023-01-15 v3.1.10 (3.1.10)
) (/Users/agrogan/Library/TinyTeX/texmf-dist/tex/generic/pgf/basiclayer/pgfcoreexternal.code.tex
File: pgfcoreexternal.code.tex 2023-01-15 v3.1.10 (3.1.10)
\pgfexternal@startupbox=\box71
) (/Users/agrogan/Library/TinyTeX/texmf-dist/tex/generic/pgf/basiclayer/pgfcorelayers.code.tex
File: pgfcorelayers.code.tex 2023-01-15 v3.1.10 (3.1.10)
) (/Users/agrogan/Library/TinyTeX/texmf-dist/tex/generic/pgf/basiclayer/pgfcoretransparency.code.tex
File: pgfcoretransparency.code.tex 2023-01-15 v3.1.10 (3.1.10)
) (/Users/agrogan/Library/TinyTeX/texmf-dist/tex/generic/pgf/basiclayer/pgfcorepatterns.code.tex
File: pgfcorepatterns.code.tex 2023-01-15 v3.1.10 (3.1.10)
) (/Users/agrogan/Library/TinyTeX/texmf-dist/tex/generic/pgf/basiclayer/pgfcorerdf.code.tex
File: pgfcorerdf.code.tex 2023-01-15 v3.1.10 (3.1.10)
))) (/Users/agrogan/Library/TinyTeX/texmf-dist/tex/generic/pgf/modules/pgfmoduleshapes.code.tex
File: pgfmoduleshapes.code.tex 2023-01-15 v3.1.10 (3.1.10)
\pgfnodeparttextbox=\box72
) (/Users/agrogan/Library/TinyTeX/texmf-dist/tex/generic/pgf/modules/pgfmoduleplot.code.tex
File: pgfmoduleplot.code.tex 2023-01-15 v3.1.10 (3.1.10)
) (/Users/agrogan/Library/TinyTeX/texmf-dist/tex/latex/pgf/compatibility/pgfcomp-version-0-65.sty
Package: pgfcomp-version-0-65 2023-01-15 v3.1.10 (3.1.10)
\pgf@nodesepstart=\dimen280
\pgf@nodesepend=\dimen281
) (/Users/agrogan/Library/TinyTeX/texmf-dist/tex/latex/pgf/compatibility/pgfcomp-version-1-18.sty
Package: pgfcomp-version-1-18 2023-01-15 v3.1.10 (3.1.10)
)) (/Users/agrogan/Library/TinyTeX/texmf-dist/tex/latex/tools/verbatim.sty
Package: verbatim 2022-07-02 v1.5u LaTeX2e package for verbatim enhancements
\every@verbatim=\toks36
\verbatim@line=\toks37
\verbatim@in@stream=\read4
) (/Users/agrogan/Library/TinyTeX/texmf-dist/tex/latex/environ/environ.sty
Package: environ 2014/05/04 v0.3 A new way to define environments
(/Users/agrogan/Library/TinyTeX/texmf-dist/tex/latex/trimspaces/trimspaces.sty
Package: trimspaces 2009/09/17 v1.1 Trim spaces around a token list
))
\tcb@titlebox=\box73
\tcb@upperbox=\box74
\tcb@lowerbox=\box75
\tcb@phantombox=\box76
\c@tcbbreakpart=\count321
\c@tcblayer=\count322
\c@tcolorbox@number=\count323
\tcb@temp=\box77
\tcb@temp=\box78
\tcb@temp=\box79
\tcb@temp=\box80
(/Users/agrogan/Library/TinyTeX/texmf-dist/tex/latex/tcolorbox/tcbskins.code.tex
Library (tcolorbox): 'tcbskins.code.tex' version '6.0.1'
(/Users/agrogan/Library/TinyTeX/texmf-dist/tex/latex/pgf/frontendlayer/tikz.sty (/Users/agrogan/Library/TinyTeX/texmf-dist/tex/latex/pgf/utilities/pgffor.sty (/Users/agrogan/Library/TinyTeX/texmf-dist/tex/latex/pgf/utilities/pgfkeys.sty (/Users/agrogan/Library/TinyTeX/texmf-dist/tex/generic/pgf/utilities/pgfkeys.code.tex)) (/Users/agrogan/Library/TinyTeX/texmf-dist/tex/latex/pgf/math/pgfmath.sty (/Users/agrogan/Library/TinyTeX/texmf-dist/tex/generic/pgf/math/pgfmath.code.tex)) (/Users/agrogan/Library/TinyTeX/texmf-dist/tex/generic/pgf/utilities/pgffor.code.tex
Package: pgffor 2023-01-15 v3.1.10 (3.1.10)
\pgffor@iter=\dimen282
\pgffor@skip=\dimen283
\pgffor@stack=\toks38
\pgffor@toks=\toks39
)) (/Users/agrogan/Library/TinyTeX/texmf-dist/tex/generic/pgf/frontendlayer/tikz/tikz.code.tex
Package: tikz 2023-01-15 v3.1.10 (3.1.10)
(/Users/agrogan/Library/TinyTeX/texmf-dist/tex/generic/pgf/libraries/pgflibraryplothandlers.code.tex
File: pgflibraryplothandlers.code.tex 2023-01-15 v3.1.10 (3.1.10)
\pgf@plot@mark@count=\count324
\pgfplotmarksize=\dimen284
)
\tikz@lastx=\dimen285
\tikz@lasty=\dimen286
\tikz@lastxsaved=\dimen287
\tikz@lastysaved=\dimen288
\tikz@lastmovetox=\dimen289
\tikz@lastmovetoy=\dimen290
\tikzleveldistance=\dimen291
\tikzsiblingdistance=\dimen292
\tikz@figbox=\box81
\tikz@figbox@bg=\box82
\tikz@tempbox=\box83
\tikz@tempbox@bg=\box84
\tikztreelevel=\count325
\tikznumberofchildren=\count326
\tikznumberofcurrentchild=\count327
\tikz@fig@count=\count328
(/Users/agrogan/Library/TinyTeX/texmf-dist/tex/generic/pgf/modules/pgfmodulematrix.code.tex
File: pgfmodulematrix.code.tex 2023-01-15 v3.1.10 (3.1.10)
\pgfmatrixcurrentrow=\count329
\pgfmatrixcurrentcolumn=\count330
\pgf@matrix@numberofcolumns=\count331
)
\tikz@expandcount=\count332
(/Users/agrogan/Library/TinyTeX/texmf-dist/tex/generic/pgf/frontendlayer/tikz/libraries/tikzlibrarytopaths.code.tex
File: tikzlibrarytopaths.code.tex 2023-01-15 v3.1.10 (3.1.10)
))) (/Users/agrogan/Library/TinyTeX/texmf-dist/tex/latex/tikzfill/tikzfill.image.sty
Package: tikzfill.image 2022/07/20 v1.0.0 Image filling library for TikZ
(/Users/agrogan/Library/TinyTeX/texmf-dist/tex/latex/tikzfill/tikzfill-common.sty
Package: tikzfill-common 2022/07/20 v1.0.0 Auxiliary code for tikzfill
) (/Users/agrogan/Library/TinyTeX/texmf-dist/tex/latex/tikzfill/tikzlibraryfill.image.code.tex
File: tikzlibraryfill.image.code.tex 2022/07/20 v1.0.0 Image filling library
\l__tikzfill_img_box=\box85
)) (/Users/agrogan/Library/TinyTeX/texmf-dist/tex/latex/tcolorbox/tcbskinsjigsaw.code.tex
Library (tcolorbox): 'tcbskinsjigsaw.code.tex' version '6.0.1'
)) (/Users/agrogan/Library/TinyTeX/texmf-dist/tex/latex/tcolorbox/tcbbreakable.code.tex
Library (tcolorbox): 'tcbbreakable.code.tex' version '6.0.1'
(/Users/agrogan/Library/TinyTeX/texmf-dist/tex/latex/pdfcol/pdfcol.sty
Package: pdfcol 2022-09-21 v1.7 Handle new color stacks for pdfTeX (HO)
(/Users/agrogan/Library/TinyTeX/texmf-dist/tex/generic/ltxcmds/ltxcmds.sty
Package: ltxcmds 2020-05-10 v1.25 LaTeX kernel commands for general use (HO)
) (/Users/agrogan/Library/TinyTeX/texmf-dist/tex/generic/infwarerr/infwarerr.sty
Package: infwarerr 2019/12/03 v1.5 Providing info/warning/error messages (HO)
)
Package pdfcol Info: Interface disabled because of missing PDF mode of pdfTeX.
)
Package pdfcol Info: pdfTeX's color stacks are not available.
\tcb@testbox=\box86
\tcb@totalupperbox=\box87
\tcb@totallowerbox=\box88
)) (/Users/agrogan/Library/TinyTeX/texmf-dist/tex/latex/fontawesome5/fontawesome5.sty
Package: fontawesome5 2022/05/02 v5.15.4 Font Awesome 5
(/Users/agrogan/Library/TinyTeX/texmf-dist/tex/latex/fontawesome5/fontawesome5-utex-helper.sty
Package: fontawesome5-utex-helper 2022/05/02 v5.15.4 uTeX helper for fontawesome5
LaTeX Font Info:    Trying to load font information for TU+fontawesomefree on input line 69.
(/Users/agrogan/Library/TinyTeX/texmf-dist/tex/latex/fontawesome5/tufontawesomefree.fd)
LaTeX Font Info:    Trying to load font information for TU+fontawesomebrands on input line 70.
(/Users/agrogan/Library/TinyTeX/texmf-dist/tex/latex/fontawesome5/tufontawesomebrands.fd))) (/Users/agrogan/Library/TinyTeX/texmf-dist/tex/latex/bookmark/bookmark.sty
Package: bookmark 2020-11-06 v1.29 PDF bookmarks (HO)
(/Users/agrogan/Library/TinyTeX/texmf-dist/tex/latex/hyperref/hyperref.sty
Package: hyperref 2023-02-07 v7.00v Hypertext links for LaTeX
(/Users/agrogan/Library/TinyTeX/texmf-dist/tex/generic/pdftexcmds/pdftexcmds.sty
Package: pdftexcmds 2020-06-27 v0.33 Utility functions of pdfTeX for LuaTeX (HO)
Package pdftexcmds Info: \pdf@primitive is available.
Package pdftexcmds Info: \pdf@ifprimitive is available.
Package pdftexcmds Info: \pdfdraftmode not found.
) (/Users/agrogan/Library/TinyTeX/texmf-dist/tex/latex/kvsetkeys/kvsetkeys.sty
Package: kvsetkeys 2022-10-05 v1.19 Key value parser (HO)
) (/Users/agrogan/Library/TinyTeX/texmf-dist/tex/generic/kvdefinekeys/kvdefinekeys.sty
Package: kvdefinekeys 2019-12-19 v1.6 Define keys (HO)
) (/Users/agrogan/Library/TinyTeX/texmf-dist/tex/generic/pdfescape/pdfescape.sty
Package: pdfescape 2019/12/09 v1.15 Implements pdfTeX's escape features (HO)
) (/Users/agrogan/Library/TinyTeX/texmf-dist/tex/latex/hycolor/hycolor.sty
Package: hycolor 2020-01-27 v1.10 Color options for hyperref/bookmark (HO)
) (/Users/agrogan/Library/TinyTeX/texmf-dist/tex/latex/letltxmacro/letltxmacro.sty
Package: letltxmacro 2019/12/03 v1.6 Let assignment for LaTeX macros (HO)
) (/Users/agrogan/Library/TinyTeX/texmf-dist/tex/latex/auxhook/auxhook.sty
Package: auxhook 2019-12-17 v1.6 Hooks for auxiliary files (HO)
) (/Users/agrogan/Library/TinyTeX/texmf-dist/tex/latex/hyperref/nameref.sty
Package: nameref 2022-05-17 v2.50 Cross-referencing by name of section
(/Users/agrogan/Library/TinyTeX/texmf-dist/tex/latex/refcount/refcount.sty
Package: refcount 2019/12/15 v3.6 Data extraction from label references (HO)
) (/Users/agrogan/Library/TinyTeX/texmf-dist/tex/generic/gettitlestring/gettitlestring.sty
Package: gettitlestring 2019/12/15 v1.6 Cleanup title references (HO)
(/Users/agrogan/Library/TinyTeX/texmf-dist/tex/latex/kvoptions/kvoptions.sty
Package: kvoptions 2022-06-15 v3.15 Key value format for package options (HO)
))
\c@section@level=\count333
)
\@linkdim=\dimen293
\Hy@linkcounter=\count334
\Hy@pagecounter=\count335
(/Users/agrogan/Library/TinyTeX/texmf-dist/tex/latex/hyperref/pd1enc.def
File: pd1enc.def 2023-02-07 v7.00v Hyperref: PDFDocEncoding definition (HO)
) (/Users/agrogan/Library/TinyTeX/texmf-dist/tex/generic/intcalc/intcalc.sty
Package: intcalc 2019/12/15 v1.3 Expandable calculations with integers (HO)
) (/Users/agrogan/Library/TinyTeX/texmf-dist/tex/generic/etexcmds/etexcmds.sty
Package: etexcmds 2019/12/15 v1.7 Avoid name clashes with e-TeX commands (HO)
)
\Hy@SavedSpaceFactor=\count336
(/Users/agrogan/Library/TinyTeX/texmf-dist/tex/latex/hyperref/puenc.def
File: puenc.def 2023-02-07 v7.00v Hyperref: PDF Unicode definition (HO)
)
Package hyperref Info: Option `unicode' set `true' on input line 4060.
Package hyperref Info: Hyper figures OFF on input line 4177.
Package hyperref Info: Link nesting OFF on input line 4182.
Package hyperref Info: Hyper index ON on input line 4185.
Package hyperref Info: Plain pages OFF on input line 4192.
Package hyperref Info: Backreferencing OFF on input line 4197.
Package hyperref Info: Implicit mode ON; LaTeX internals redefined.
Package hyperref Info: Bookmarks ON on input line 4425.
\c@Hy@tempcnt=\count337
(/Users/agrogan/Library/TinyTeX/texmf-dist/tex/latex/url/url.sty
\Urlmuskip=\muskip18
Package: url 2013/09/16  ver 3.4  Verb mode for urls, etc.
)
LaTeX Info: Redefining \url on input line 4763.
\XeTeXLinkMargin=\dimen294
(/Users/agrogan/Library/TinyTeX/texmf-dist/tex/generic/bitset/bitset.sty
Package: bitset 2019/12/09 v1.3 Handle bit-vector datatype (HO)
(/Users/agrogan/Library/TinyTeX/texmf-dist/tex/generic/bigintcalc/bigintcalc.sty
Package: bigintcalc 2019/12/15 v1.5 Expandable calculations on big integers (HO)
))
\Fld@menulength=\count338
\Field@Width=\dimen295
\Fld@charsize=\dimen296
Package hyperref Info: Hyper figures OFF on input line 6042.
Package hyperref Info: Link nesting OFF on input line 6047.
Package hyperref Info: Hyper index ON on input line 6050.
Package hyperref Info: backreferencing OFF on input line 6057.
Package hyperref Info: Link coloring OFF on input line 6062.
Package hyperref Info: Link coloring with OCG OFF on input line 6067.
Package hyperref Info: PDF/A mode OFF on input line 6072.
(/Users/agrogan/Library/TinyTeX/texmf-dist/tex/latex/base/atbegshi-ltx.sty
Package: atbegshi-ltx 2021/01/10 v1.0c Emulation of the original atbegshi
package with kernel methods
)
\Hy@abspage=\count339
\c@Item=\count340
\c@Hfootnote=\count341
)
Package hyperref Info: Driver (autodetected): hxetex.
(/Users/agrogan/Library/TinyTeX/texmf-dist/tex/latex/hyperref/hxetex.def
File: hxetex.def 2023-02-07 v7.00v Hyperref driver for XeTeX
(/Users/agrogan/Library/TinyTeX/texmf-dist/tex/generic/stringenc/stringenc.sty
Package: stringenc 2019/11/29 v1.12 Convert strings between diff. encodings (HO)
)
\pdfm@box=\box89
\c@Hy@AnnotLevel=\count342
\HyField@AnnotCount=\count343
\Fld@listcount=\count344
\c@bookmark@seq@number=\count345
(/Users/agrogan/Library/TinyTeX/texmf-dist/tex/latex/rerunfilecheck/rerunfilecheck.sty
Package: rerunfilecheck 2022-07-10 v1.10 Rerun checks for auxiliary files (HO)
(/Users/agrogan/Library/TinyTeX/texmf-dist/tex/latex/base/atveryend-ltx.sty
Package: atveryend-ltx 2020/08/19 v1.0a Emulation of the original atveryend package
with kernel methods
) (/Users/agrogan/Library/TinyTeX/texmf-dist/tex/generic/uniquecounter/uniquecounter.sty
Package: uniquecounter 2019/12/15 v1.4 Provide unlimited unique counter (HO)
)
Package uniquecounter Info: New unique counter `rerunfilecheck' on input line 285.
)
\Hy@SectionHShift=\skip78
) (/Users/agrogan/Library/TinyTeX/texmf-dist/tex/latex/bookmark/bkm-dvipdfm.def
File: bkm-dvipdfm.def 2020-11-06 v1.29 bookmark driver for dvipdfm (HO)
\BKM@id=\count346
)) (/Users/agrogan/Library/TinyTeX/texmf-dist/tex/latex/caption/caption.sty
Package: caption 2022/03/01 v3.6b Customizing captions (AR)
(/Users/agrogan/Library/TinyTeX/texmf-dist/tex/latex/caption/caption3.sty
Package: caption3 2022/03/17 v2.3b caption3 kernel (AR)
\caption@tempdima=\dimen297
\captionmargin=\dimen298
\caption@leftmargin=\dimen299
\caption@rightmargin=\dimen300
\caption@width=\dimen301
\caption@indent=\dimen302
\caption@parindent=\dimen303
\caption@hangindent=\dimen304
Package caption Info: KOMA-Script document class detected.
(/Users/agrogan/Library/TinyTeX/texmf-dist/tex/latex/caption/caption-koma.sto
File: caption-koma.sto 2020/09/21 v2.0b Adaption of the caption package to the KOMA-Script document classes (AR)
))
\c@caption@flags=\count347
\c@continuedfloat=\count348
Package caption Info: hyperref package is loaded.
Package caption Info: longtable package is loaded.
(/Users/agrogan/Library/TinyTeX/texmf-dist/tex/latex/caption/ltcaption.sty
Package: ltcaption 2021/01/08 v1.4c longtable captions (AR)
)) (/Users/agrogan/Library/TinyTeX/texmf-dist/tex/latex/float/float.sty
Package: float 2001/11/08 v1.3d Float enhancements (AL)
\c@float@type=\count349
\float@exts=\toks40
\float@box=\box90
\@float@everytoks=\toks41
\@floatcapt=\box91
)
\@float@every@codelisting=\toks42
\c@codelisting=\count350
(/Users/agrogan/Library/TinyTeX/texmf-dist/tex/latex/caption/subcaption.sty
Package: subcaption 2022/01/07 v1.5 Sub-captions (AR)
\c@subfigure=\count351
\c@subtable=\count352
) (/Users/agrogan/Library/TinyTeX/texmf-dist/tex/latex/sidenotes/sidenotes.sty
Package: sidenotes 2016/04/21 v1.00 rich text in the margin for LaTeX
(/Users/agrogan/Library/TinyTeX/texmf-dist/tex/latex/marginnote/marginnote.sty
Package: marginnote 2018/08/09 v1.4b non floating margin notes for LaTeX
\c@mn@abspage=\count353
) (/Users/agrogan/Library/TinyTeX/texmf-dist/tex/latex/changepage/changepage.sty
Package: changepage 2009/10/20 v1.0c check page and change page layout
\c@cp@cntr=\count354
\cp@tempcnt=\count355
)
\c@sidenote=\count356
\@sidenotes@marginfigurebox=\box92
\@sidenotes@margintablebox=\box93
)
Package hyperref Info: Option `colorlinks' set `true' on input line 212.
No file index.aux.
\openout1 = `index.aux'.

LaTeX Font Info:    Checking defaults for OML/cmm/m/it on input line 218.
LaTeX Font Info:    ... okay on input line 218.
LaTeX Font Info:    Checking defaults for OMS/cmsy/m/n on input line 218.
LaTeX Font Info:    ... okay on input line 218.
LaTeX Font Info:    Checking defaults for OT1/cmr/m/n on input line 218.
LaTeX Font Info:    ... okay on input line 218.
LaTeX Font Info:    Checking defaults for T1/cmr/m/n on input line 218.
LaTeX Font Info:    ... okay on input line 218.
LaTeX Font Info:    Checking defaults for TS1/cmr/m/n on input line 218.
LaTeX Font Info:    ... okay on input line 218.
LaTeX Font Info:    Checking defaults for TU/lmr/m/n on input line 218.
LaTeX Font Info:    ... okay on input line 218.
LaTeX Font Info:    Checking defaults for OMX/cmex/m/n on input line 218.
LaTeX Font Info:    ... okay on input line 218.
LaTeX Font Info:    Checking defaults for U/cmr/m/n on input line 218.
LaTeX Font Info:    ... okay on input line 218.
LaTeX Font Info:    Checking defaults for PD1/pdf/m/n on input line 218.
LaTeX Font Info:    ... okay on input line 218.
LaTeX Font Info:    Checking defaults for PU/pdf/m/n on input line 218.
LaTeX Font Info:    ... okay on input line 218.
Package scrbase Info: activating english \abstractname on input line 218.
Package scrbase Info: activating english \partname on input line 218.
Package scrbase Info: activating english \chaptername on input line 218.
Package scrbase Info: activating english \appendixname on input line 218.
Package scrbase Info: activating english \figurename on input line 218.
Package scrbase Info: activating english \tablename on input line 218.
Package scrbase Info: activating english \contentsname on input line 218.
Package scrbase Info: activating english \listfigurename on input line 218.
Package scrbase Info: activating english \listtablename on input line 218.
Package scrbase Info: activating english \bibname on input line 218.
Package scrbase Info: activating english \indexname on input line 218.
LaTeX Font Info:    Overwriting math alphabet `\mathrm' in version `normal'
(Font)                  OT1/lmr/m/n --> TU/lmr/m/n on input line 218.
LaTeX Font Info:    Overwriting math alphabet `\mathit' in version `normal'
(Font)                  OT1/lmr/m/it --> TU/lmr/m/it on input line 218.
LaTeX Font Info:    Overwriting math alphabet `\mathbf' in version `normal'
(Font)                  OT1/lmr/bx/n --> TU/lmr/bx/n on input line 218.
LaTeX Font Info:    Overwriting math alphabet `\mathsf' in version `normal'
(Font)                  OT1/lmss/m/n --> TU/lmss/m/n on input line 218.
LaTeX Font Info:    Overwriting math alphabet `\mathsf' in version `bold'
(Font)                  OT1/lmss/bx/n --> TU/lmss/bx/n on input line 218.
LaTeX Font Info:    Overwriting math alphabet `\mathtt' in version `normal'
(Font)                  OT1/lmtt/m/n --> TU/lmtt/m/n on input line 218.
LaTeX Font Info:    Overwriting math alphabet `\mathtt' in version `bold'
(Font)                  OT1/lmtt/m/n --> TU/lmtt/bx/n on input line 218.

Package fontspec Info: latinmodern-math scale = 0.9999967668407183.


Package fontspec Info: latinmodern-math scale = 0.9999967668407183.


Package fontspec Info: latinmodern-math scale = 0.9999967668407183.


Package fontspec Info: Font family 'latinmodern-math.otf(0)' created for font
(fontspec)             'latinmodern-math.otf' with options
(fontspec)             [Scale=MatchLowercase,BoldItalicFont={},ItalicFont={},SmallCapsFont={},Script=Math,BoldFont={latinmodern-math.otf}].
(fontspec)              
(fontspec)              This font family consists of the following NFSS
(fontspec)             series/shapes:
(fontspec)              
(fontspec)             - 'normal' (m/n) with NFSS spec.:
(fontspec)             <->s*[0.9999967668407183]"[latinmodern-math.otf]/OT:script=math;language=dflt;"
(fontspec)             - 'small caps'  (m/sc) with NFSS spec.: 
(fontspec)             - 'bold' (b/n) with NFSS spec.:
(fontspec)             <->s*[0.9999967668407183]"[latinmodern-math.otf]/OT:script=math;language=dflt;"
(fontspec)             - 'bold small caps'  (b/sc) with NFSS spec.: 

LaTeX Font Info:    Font shape `TU/latinmodern-math.otf(0)/m/n' will be
(Font)              scaled to size 10.95pt on input line 218.

Package fontspec Info: latinmodern-math scale = 0.9999967668407183.


Package fontspec Info: latinmodern-math scale = 0.9999967668407183.


Package fontspec Info: latinmodern-math scale = 0.9999967668407183.


Package fontspec Info: latinmodern-math scale = 0.9999967668407183.


Package fontspec Info: latinmodern-math scale = 0.9999967668407183.


Package fontspec Info: Font family 'latinmodern-math.otf(1)' created for font
(fontspec)             'latinmodern-math.otf' with options
(fontspec)             [Scale=MatchLowercase,BoldItalicFont={},ItalicFont={},SmallCapsFont={},Script=Math,SizeFeatures={{Size=9.3075-},{Size=6.57-9.3075,Font=latinmodern-math.otf,Style=MathScript},{Size=-6.57,Font=latinmodern-math.otf,Style=MathScriptScript}},BoldFont={latinmodern-math.otf}].
(fontspec)              
(fontspec)              This font family consists of the following NFSS
(fontspec)             series/shapes:
(fontspec)              
(fontspec)             - 'normal' (m/n) with NFSS spec.:
(fontspec)             <9.3075->s*[0.9999967668407183]"[latinmodern-math.otf]/OT:script=math;language=dflt;"<6.57-9.3075>s*[0.9999967668407183]"[latinmodern-math.otf]/OT:script=math;language=dflt;+ssty=0;"<-6.57>s*[0.9999967668407183]"[latinmodern-math.otf]/OT:script=math;language=dflt;+ssty=1;"
(fontspec)             - 'small caps'  (m/sc) with NFSS spec.: 
(fontspec)             - 'bold' (b/n) with NFSS spec.:
(fontspec)             <->s*[0.9999967668407183]"[latinmodern-math.otf]/OT:script=math;language=dflt;"
(fontspec)             - 'bold small caps'  (b/sc) with NFSS spec.: 

LaTeX Font Info:    Font shape `TU/latinmodern-math.otf(1)/m/n' will be
(Font)              scaled to size 10.95pt on input line 218.
LaTeX Font Info:    Encoding `OT1' has changed to `TU' for symbol font
(Font)              `operators' in the math version `normal' on input line 218.
LaTeX Font Info:    Overwriting symbol font `operators' in version `normal'
(Font)                  OT1/lmr/m/n --> TU/latinmodern-math.otf(1)/m/n on input line 218.
LaTeX Font Info:    Encoding `OT1' has changed to `TU' for symbol font
(Font)              `operators' in the math version `bold' on input line 218.
LaTeX Font Info:    Overwriting symbol font `operators' in version `bold'
(Font)                  OT1/lmr/bx/n --> TU/latinmodern-math.otf(1)/b/n on input line 218.

Package fontspec Info: latinmodern-math scale = 0.9999967668407183.


Package fontspec Info: latinmodern-math scale = 1.000096766517402.


Package fontspec Info: latinmodern-math scale = 0.9999967668407183.


Package fontspec Info: latinmodern-math scale = 1.000096766517402.


Package fontspec Info: latinmodern-math scale = 0.9999967668407183.


Package fontspec Info: latinmodern-math scale = 1.000096766517402.


Package fontspec Info: latinmodern-math scale = 0.9999967668407183.


Package fontspec Info: latinmodern-math scale = 1.000096766517402.


Package fontspec Info: latinmodern-math scale = 0.9999967668407183.


Package fontspec Info: latinmodern-math scale = 1.000096766517402.


Package fontspec Info: Font family 'latinmodern-math.otf(2)' created for font
(fontspec)             'latinmodern-math.otf' with options
(fontspec)             [Scale=MatchLowercase,BoldItalicFont={},ItalicFont={},SmallCapsFont={},Script=Math,SizeFeatures={{Size=9.3075-},{Size=6.57-9.3075,Font=latinmodern-math.otf,Style=MathScript},{Size=-6.57,Font=latinmodern-math.otf,Style=MathScriptScript}},BoldFont={latinmodern-math.otf},ScaleAgain=1.0001,FontAdjustment={\fontdimen
(fontspec)             8\font =7.41315pt\relax \fontdimen 9\font
(fontspec)             =4.3143pt\relax \fontdimen 10\font =4.8618pt\relax
(fontspec)             \fontdimen 11\font =7.5117pt\relax \fontdimen 12\font
(fontspec)             =3.77776pt\relax \fontdimen 13\font =3.97485pt\relax
(fontspec)             \fontdimen 14\font =3.97485pt\relax \fontdimen 15\font
(fontspec)             =3.16455pt\relax \fontdimen 16\font =2.70465pt\relax
(fontspec)             \fontdimen 17\font =2.70465pt\relax \fontdimen 18\font
(fontspec)             =2.7375pt\relax \fontdimen 19\font =2.19pt\relax
(fontspec)             \fontdimen 22\font =2.7375pt\relax \fontdimen 20\font
(fontspec)             =0pt\relax \fontdimen 21\font =0pt\relax }].
(fontspec)              
(fontspec)              This font family consists of the following NFSS
(fontspec)             series/shapes:
(fontspec)              
(fontspec)             - 'normal' (m/n) with NFSS spec.:
(fontspec)             <9.3075->s*[1.000096766517402]"[latinmodern-math.otf]/OT:script=math;language=dflt;"<6.57-9.3075>s*[1.000096766517402]"[latinmodern-math.otf]/OT:script=math;language=dflt;+ssty=0;"<-6.57>s*[1.000096766517402]"[latinmodern-math.otf]/OT:script=math;language=dflt;+ssty=1;"
(fontspec)             - 'small caps'  (m/sc) with NFSS spec.: 
(fontspec)             and font adjustment code:
(fontspec)             \fontdimen 8\font =7.41315pt\relax \fontdimen 9\font
(fontspec)             =4.3143pt\relax \fontdimen 10\font =4.8618pt\relax
(fontspec)             \fontdimen 11\font =7.5117pt\relax \fontdimen 12\font
(fontspec)             =3.77776pt\relax \fontdimen 13\font =3.97485pt\relax
(fontspec)             \fontdimen 14\font =3.97485pt\relax \fontdimen 15\font
(fontspec)             =3.16455pt\relax \fontdimen 16\font =2.70465pt\relax
(fontspec)             \fontdimen 17\font =2.70465pt\relax \fontdimen 18\font
(fontspec)             =2.7375pt\relax \fontdimen 19\font =2.19pt\relax
(fontspec)             \fontdimen 22\font =2.7375pt\relax \fontdimen 20\font
(fontspec)             =0pt\relax \fontdimen 21\font =0pt\relax 
(fontspec)             - 'bold' (b/n) with NFSS spec.:
(fontspec)             <->s*[1.000096766517402]"[latinmodern-math.otf]/OT:script=math;language=dflt;"
(fontspec)             - 'bold small caps'  (b/sc) with NFSS spec.: 
(fontspec)             and font adjustment code:
(fontspec)             \fontdimen 8\font =7.41315pt\relax \fontdimen 9\font
(fontspec)             =4.3143pt\relax \fontdimen 10\font =4.8618pt\relax
(fontspec)             \fontdimen 11\font =7.5117pt\relax \fontdimen 12\font
(fontspec)             =3.77776pt\relax \fontdimen 13\font =3.97485pt\relax
(fontspec)             \fontdimen 14\font =3.97485pt\relax \fontdimen 15\font
(fontspec)             =3.16455pt\relax \fontdimen 16\font =2.70465pt\relax
(fontspec)             \fontdimen 17\font =2.70465pt\relax \fontdimen 18\font
(fontspec)             =2.7375pt\relax \fontdimen 19\font =2.19pt\relax
(fontspec)             \fontdimen 22\font =2.7375pt\relax \fontdimen 20\font
(fontspec)             =0pt\relax \fontdimen 21\font =0pt\relax 

LaTeX Font Info:    Encoding `OMS' has changed to `TU' for symbol font
(Font)              `symbols' in the math version `normal' on input line 218.
LaTeX Font Info:    Overwriting symbol font `symbols' in version `normal'
(Font)                  OMS/lmsy/m/n --> TU/latinmodern-math.otf(2)/m/n on input line 218.
LaTeX Font Info:    Encoding `OMS' has changed to `TU' for symbol font
(Font)              `symbols' in the math version `bold' on input line 218.
LaTeX Font Info:    Overwriting symbol font `symbols' in version `bold'
(Font)                  OMS/lmsy/b/n --> TU/latinmodern-math.otf(2)/b/n on input line 218.

Package fontspec Info: latinmodern-math scale = 0.9999967668407183.


Package fontspec Info: latinmodern-math scale = 0.9998967671640342.


Package fontspec Info: latinmodern-math scale = 0.9999967668407183.


Package fontspec Info: latinmodern-math scale = 0.9998967671640342.


Package fontspec Info: latinmodern-math scale = 0.9999967668407183.


Package fontspec Info: latinmodern-math scale = 0.9998967671640342.


Package fontspec Info: latinmodern-math scale = 0.9999967668407183.


Package fontspec Info: latinmodern-math scale = 0.9998967671640342.


Package fontspec Info: latinmodern-math scale = 0.9999967668407183.


Package fontspec Info: latinmodern-math scale = 0.9998967671640342.


Package fontspec Info: Font family 'latinmodern-math.otf(3)' created for font
(fontspec)             'latinmodern-math.otf' with options
(fontspec)             [Scale=MatchLowercase,BoldItalicFont={},ItalicFont={},SmallCapsFont={},Script=Math,SizeFeatures={{Size=9.3075-},{Size=6.57-9.3075,Font=latinmodern-math.otf,Style=MathScript},{Size=-6.57,Font=latinmodern-math.otf,Style=MathScriptScript}},BoldFont={latinmodern-math.otf},ScaleAgain=0.9999,FontAdjustment={\fontdimen
(fontspec)             8\font =0.438pt\relax \fontdimen 9\font =2.19pt\relax
(fontspec)             \fontdimen 10\font =1.82864pt\relax \fontdimen 11\font
(fontspec)             =1.21545pt\relax \fontdimen 12\font =6.56999pt\relax
(fontspec)             \fontdimen 13\font =0pt\relax }].
(fontspec)              
(fontspec)              This font family consists of the following NFSS
(fontspec)             series/shapes:
(fontspec)              
(fontspec)             - 'normal' (m/n) with NFSS spec.:
(fontspec)             <9.3075->s*[0.9998967671640342]"[latinmodern-math.otf]/OT:script=math;language=dflt;"<6.57-9.3075>s*[0.9998967671640342]"[latinmodern-math.otf]/OT:script=math;language=dflt;+ssty=0;"<-6.57>s*[0.9998967671640342]"[latinmodern-math.otf]/OT:script=math;language=dflt;+ssty=1;"
(fontspec)             - 'small caps'  (m/sc) with NFSS spec.: 
(fontspec)             and font adjustment code:
(fontspec)             \fontdimen 8\font =0.438pt\relax \fontdimen 9\font
(fontspec)             =2.19pt\relax \fontdimen 10\font =1.82864pt\relax
(fontspec)             \fontdimen 11\font =1.21545pt\relax \fontdimen 12\font
(fontspec)             =6.56999pt\relax \fontdimen 13\font =0pt\relax 
(fontspec)             - 'bold' (b/n) with NFSS spec.:
(fontspec)             <->s*[0.9998967671640342]"[latinmodern-math.otf]/OT:script=math;language=dflt;"
(fontspec)             - 'bold small caps'  (b/sc) with NFSS spec.: 
(fontspec)             and font adjustment code:
(fontspec)             \fontdimen 8\font =0.438pt\relax \fontdimen 9\font
(fontspec)             =2.19pt\relax \fontdimen 10\font =1.82864pt\relax
(fontspec)             \fontdimen 11\font =1.21545pt\relax \fontdimen 12\font
(fontspec)             =6.56999pt\relax \fontdimen 13\font =0pt\relax 

LaTeX Font Info:    Encoding `OMX' has changed to `TU' for symbol font
(Font)              `largesymbols' in the math version `normal' on input line 218.
LaTeX Font Info:    Overwriting symbol font `largesymbols' in version `normal'
(Font)                  OMX/lmex/m/n --> TU/latinmodern-math.otf(3)/m/n on input line 218.
LaTeX Font Info:    Encoding `OMX' has changed to `TU' for symbol font
(Font)              `largesymbols' in the math version `bold' on input line 218.
LaTeX Font Info:    Overwriting symbol font `largesymbols' in version `bold'
(Font)                  OMX/lmex/m/n --> TU/latinmodern-math.otf(3)/b/n on input line 218.
LaTeX Info: Redefining \microtypecontext on input line 218.
Package microtype Info: Applying patch `item' on input line 218.
Package microtype Info: Applying patch `toc' on input line 218.
Package microtype Info: Applying patch `eqnum' on input line 218.
Package microtype Info: Applying patch `footnote' on input line 218.
Package microtype Info: Character protrusion enabled (level 2).
Package microtype Info: Using protrusion set `basicmath'.
Package microtype Info: No adjustment of tracking.
Package microtype Info: No adjustment of spacing.
Package microtype Info: No adjustment of kerning.
(/Users/agrogan/Library/TinyTeX/texmf-dist/tex/latex/microtype/mt-LatinModernRoman.cfg
File: mt-LatinModernRoman.cfg 2021/02/21 v1.1 microtype config. file: Latin Modern Roman (RS)
)
*geometry* driver: auto-detecting
*geometry* detected driver: xetex
*geometry* verbose mode - [ preamble ] result:
* driver: xetex
* paper: letterpaper
* layout: <same size as paper>
* layoutoffset:(h,v)=(0.0pt,0.0pt)
* modes: 
* h-part:(L,W,R)=(72.26999pt, 298.71585pt, 243.30916pt)
* v-part:(T,H,B)=(95.39737pt, 556.47656pt, 143.09605pt)
* \paperwidth=614.295pt
* \paperheight=794.96999pt
* \textwidth=298.71585pt
* \textheight=556.47656pt
* \oddsidemargin=0.0pt
* \evensidemargin=0.0pt
* \topmargin=-14.27263pt
* \headheight=17.0pt
* \headsep=20.40001pt
* \topskip=11.0pt
* \footskip=47.6pt
* \marginparwidth=149.35793pt
* \marginparsep=21.68121pt
* \columnsep=10.0pt
* \skip\footins=10.0pt plus 4.0pt minus 2.0pt
* \hoffset=0.0pt
* \voffset=0.0pt
* \mag=1000
* \@twocolumnfalse
* \@twosidefalse
* \@mparswitchfalse
* \@reversemarginfalse
* (1in=72.27pt=25.4mm, 1cm=28.453pt)

Package hyperref Info: Link coloring ON on input line 218.

Package hyperref Warning: Rerun to get /PageLabels entry.

Package caption Info: Begin \AtBeginDocument code.
Package caption Info: changepage package is loaded.
\caption@adjustwidth@hsize=\dimen305
\caption@adjustwidth@linewidth=\dimen306
Package caption Info: float package is loaded.
Package caption Info: End \AtBeginDocument code.
\@sidenotes@extrawidth=\skip79
Package microtype Info: Loading generic protrusion settings for font family
(microtype)             `lmss' (encoding: TU).
(microtype)             For optimal results, create family-specific settings.
(microtype)             See the microtype manual for details.
LaTeX Font Info:    Font shape `TU/latinmodern-math.otf(1)/m/n' will be
(Font)              scaled to size 14.4pt on input line 220.
LaTeX Font Info:    Font shape `TU/latinmodern-math.otf(1)/m/n' will be
(Font)              scaled to size 10.0pt on input line 220.
LaTeX Font Info:    Font shape `TU/latinmodern-math.otf(1)/m/n' will be
(Font)              scaled to size 7.0pt on input line 220.
LaTeX Font Info:    Trying to load font information for OML+lmm on input line 220.
(/Users/agrogan/Library/TinyTeX/texmf-dist/tex/latex/lm/omllmm.fd
File: omllmm.fd 2015/05/01 v1.6.1 Font defs for Latin Modern
)
LaTeX Font Info:    Font shape `TU/latinmodern-math.otf(2)/m/n' will be
(Font)              scaled to size 14.4013pt on input line 220.
LaTeX Font Info:    Font shape `TU/latinmodern-math.otf(2)/m/n' will be
(Font)              scaled to size 10.00092pt on input line 220.
LaTeX Font Info:    Font shape `TU/latinmodern-math.otf(2)/m/n' will be
(Font)              scaled to size 7.00064pt on input line 220.
LaTeX Font Info:    Font shape `TU/latinmodern-math.otf(3)/m/n' will be
(Font)              scaled to size 14.39845pt on input line 220.
LaTeX Font Info:    Font shape `TU/latinmodern-math.otf(3)/m/n' will be
(Font)              scaled to size 9.99893pt on input line 220.
LaTeX Font Info:    Font shape `TU/latinmodern-math.otf(3)/m/n' will be
(Font)              scaled to size 6.99925pt on input line 220.
LaTeX Font Info:    Trying to load font information for U+msa on input line 220.
(/Users/agrogan/Library/TinyTeX/texmf-dist/tex/latex/amsfonts/umsa.fd
File: umsa.fd 2013/01/14 v3.01 AMS symbols A
) (/Users/agrogan/Library/TinyTeX/texmf-dist/tex/latex/microtype/mt-msa.cfg
File: mt-msa.cfg 2006/02/04 v1.1 microtype config. file: AMS symbols (a) (RS)
)
LaTeX Font Info:    Trying to load font information for U+msb on input line 220.
(/Users/agrogan/Library/TinyTeX/texmf-dist/tex/latex/amsfonts/umsb.fd
File: umsb.fd 2013/01/14 v3.01 AMS symbols B
) (/Users/agrogan/Library/TinyTeX/texmf-dist/tex/latex/microtype/mt-msb.cfg
File: mt-msb.cfg 2005/06/01 v1.0 microtype config. file: AMS symbols (b) (RS)
) [1



]
Package tocbasic Info: character protrusion at toc deactivated on input line 226.
No file index.toc.
\tf@toc=\write5
\openout5 = `index.toc'.

[2

]
Package tocbasic Info: character protrusion at lof deactivated on input line 228.
No file index.lof.
\tf@lof=\write6
\openout6 = `index.lof'.

[3

]
Package tocbasic Info: character protrusion at lot deactivated on input line 229.
No file index.lot.
\tf@lot=\write7
\openout7 = `index.lot'.

[4

]
chapter 1.

Class scrreprt Warning: \float@addtolists detected!
(scrreprt)              Implementation of \float@addtolist became
(scrreprt)              deprecated in KOMA-Script v3.01 2008/11/14 and
(scrreprt)              has been replaced by several more flexible
(scrreprt)              features of package `tocbasic`.
(scrreprt)              Since Version 3.12 support for deprecated
(scrreprt)              \float@addtolist interface has been
(scrreprt)              restricted to only some of the KOMA-Script
(scrreprt)              features and been removed from others.
(scrreprt)              Loading of package `scrhack' may help to
(scrreprt)              avoid this warning, if you are using a
(scrreprt)              a package that still implements the
(scrreprt)              deprecated \float@addtolist interface.

File: bookcover.png Graphic file (type bmp)
<bookcover.png>

Overfull \hbox (24.08258pt too wide) in paragraph at lines 252--253
 [][] 
 []

LaTeX Font Info:    Font shape `TU/latinmodern-math.otf(1)/m/n' will be
(Font)              scaled to size 7.665pt on input line 258.
LaTeX Font Info:    Font shape `TU/latinmodern-math.otf(1)/m/n' will be
(Font)              scaled to size 5.475pt on input line 258.
LaTeX Font Info:    Font shape `TU/latinmodern-math.otf(2)/m/n' will be
(Font)              scaled to size 10.95099pt on input line 258.
LaTeX Font Info:    Font shape `TU/latinmodern-math.otf(2)/m/n' will be
(Font)              scaled to size 7.66568pt on input line 258.
LaTeX Font Info:    Font shape `TU/latinmodern-math.otf(2)/m/n' will be
(Font)              scaled to size 5.4755pt on input line 258.
LaTeX Font Info:    Font shape `TU/latinmodern-math.otf(3)/m/n' will be
(Font)              scaled to size 10.94882pt on input line 258.
LaTeX Font Info:    Font shape `TU/latinmodern-math.otf(3)/m/n' will be
(Font)              scaled to size 7.66417pt on input line 258.
LaTeX Font Info:    Font shape `TU/latinmodern-math.otf(3)/m/n' will be
(Font)              scaled to size 5.47441pt on input line 258.

Overfull \hbox (9.29552pt too wide) in paragraph at lines 281--282
 []\TU/lmr/m/n/10.95 country 
 []


Overfull \hbox (4.42822pt too wide) in paragraph at lines 283--284
 []\TU/lmr/m/n/10.95 HDI 
 []


Overfull \hbox (5.25552pt too wide) in paragraph at lines 285--286
 []\TU/lmr/m/n/10.95 family 
 []


Overfull \hbox (5.9459pt too wide) in paragraph at lines 289--290
 []\TU/lmr/m/n/10.95 group 
 []


Overfull \hbox (42.99747pt too wide) in paragraph at lines 291--292
 []\TU/lmr/m/n/10.95 physical_punishment 
 []


Overfull \hbox (11.97882pt too wide) in paragraph at lines 293--294
 []\TU/lmr/m/n/10.95 warmth 
 []


Overfull \hbox (13.3032pt too wide) in paragraph at lines 295--296
 []\TU/lmr/m/n/10.95 outcome 
 []


Overfull \hbox (9.29552pt too wide) in paragraph at lines 301--302
 []\TU/lmr/m/n/10.95 country 
 []


Overfull \hbox (4.42822pt too wide) in paragraph at lines 303--304
 []\TU/lmr/m/n/10.95 HDI 
 []


Overfull \hbox (5.25552pt too wide) in paragraph at lines 305--306
 []\TU/lmr/m/n/10.95 family 
 []


Overfull \hbox (5.9459pt too wide) in paragraph at lines 309--310
 []\TU/lmr/m/n/10.95 group 
 []


Overfull \hbox (42.99747pt too wide) in paragraph at lines 311--312
 []\TU/lmr/m/n/10.95 physical_punishment 
 []


Overfull \hbox (11.97882pt too wide) in paragraph at lines 313--314
 []\TU/lmr/m/n/10.95 warmth 
 []


Overfull \hbox (13.3032pt too wide) in paragraph at lines 315--316
 []\TU/lmr/m/n/10.95 outcome 
 []


Overfull \hbox (222.35434pt too wide) detected at line 332
[][][][][]
 []

[5

]

LaTeX Warning: Reference `eq-MLMsimple' on page 6 undefined on input line 384.

[6] (/Users/agrogan/Library/TinyTeX/texmf-dist/tex/latex/microtype/mt-TU-empty.cfg
File: mt-TU-empty.cfg 2021/06/22 v1.1 microtype config. file: fonts with nonstandard glyph set (RS)
)
Underfull \hbox (badness 10000) in paragraph at lines 398--400
[]\TU/lmr/m/n/10.95 See Doug Hemkens excellent documentation on
 []

File: scatter.png Graphic file (type bmp)
<scatter.png>
[7]
Overfull \hbox (149.68655pt too wide) in paragraph at lines 457--457
[]\TU/lmtt/m/n/10.95 Mixed-effects ML regression                          Number of obs    =  3,000[] 
 []


Overfull \hbox (149.68655pt too wide) in paragraph at lines 458--458
[]\TU/lmtt/m/n/10.95 Group variable: country                              Number of groups =     30[] 
 []


Overfull \hbox (86.45032pt too wide) in paragraph at lines 459--459
[]                                                     \TU/lmtt/m/n/10.95 Obs per group:[] 
 []


Overfull \hbox (149.68655pt too wide) in paragraph at lines 460--460
[]                                                                  \TU/lmtt/m/n/10.95 min =    100[] 
 []


Overfull \hbox (149.68655pt too wide) in paragraph at lines 461--461
[]                                                                  \TU/lmtt/m/n/10.95 avg =  100.0[] 
 []


Overfull \hbox (149.68655pt too wide) in paragraph at lines 462--462
[]                                                                  \TU/lmtt/m/n/10.95 max =    100[] 
 []


Overfull \hbox (149.68655pt too wide) in paragraph at lines 463--463
[]                                                     \TU/lmtt/m/n/10.95 Wald chi2(4)     = 401.26[] 
 []


Overfull \hbox (149.68655pt too wide) in paragraph at lines 464--464
[]\TU/lmtt/m/n/10.95 Log likelihood = -9667.9532                          Prob > chi2      = 0.0000[] 
 []


Overfull \hbox (189.9278pt too wide) in paragraph at lines 466--466
[]\TU/lmtt/m/n/10.95 -------------------------------------------------------------------------------------[] 
 []


Overfull \hbox (189.9278pt too wide) in paragraph at lines 467--467
[]            \TU/lmtt/m/n/10.95 outcome | Coefficient  Std. err.      z    P>|z|     [95% conf. interval][] 
 []


Overfull \hbox (189.9278pt too wide) in paragraph at lines 468--468
[]\TU/lmtt/m/n/10.95 --------------------+----------------------------------------------------------------[] 
 []


Overfull \hbox (189.9278pt too wide) in paragraph at lines 469--469
[]             \TU/lmtt/m/n/10.95 warmth |   .9616447   .0581825    16.53   0.000     .8476091     1.07568[] 
 []


Overfull \hbox (189.9278pt too wide) in paragraph at lines 470--470
[]\TU/lmtt/m/n/10.95 physical_punishment |  -.8453802   .0798155   -10.59   0.000    -1.001816   -.6889448[] 
 []

[8]
Overfull \hbox (189.9278pt too wide) in paragraph at lines 471--471
[]              \TU/lmtt/m/n/10.95 group |   1.084344   .2200539     4.93   0.000     .6530461    1.515642[] 
 []


Overfull \hbox (189.9278pt too wide) in paragraph at lines 472--472
[]                \TU/lmtt/m/n/10.95 HDI |    .010557   .0204522     0.52   0.606    -.0295286    .0506426[] 
 []


Overfull \hbox (189.9278pt too wide) in paragraph at lines 473--473
[]              \TU/lmtt/m/n/10.95 _cons |   49.87963   1.436612    34.72   0.000     47.06392    52.69534[] 
 []


Overfull \hbox (189.9278pt too wide) in paragraph at lines 474--474
[]\TU/lmtt/m/n/10.95 -------------------------------------------------------------------------------------[] 
 []


Overfull \hbox (149.68655pt too wide) in paragraph at lines 476--476
[]\TU/lmtt/m/n/10.95 ------------------------------------------------------------------------------[] 
 []


Overfull \hbox (149.68655pt too wide) in paragraph at lines 477--477
[]  \TU/lmtt/m/n/10.95 Random-effects parameters  |   Estimate   Std. err.     [95% conf. interval][] 
 []


Overfull \hbox (149.68655pt too wide) in paragraph at lines 478--478
[]\TU/lmtt/m/n/10.95 -----------------------------+------------------------------------------------[] 
 []


Overfull \hbox (149.68655pt too wide) in paragraph at lines 480--480
[]                 \TU/lmtt/m/n/10.95 var(warmth) |   1.83e-06   .0000173      1.76e-14    190.9774[] 
 []


Overfull \hbox (149.68655pt too wide) in paragraph at lines 481--481
[]                  \TU/lmtt/m/n/10.95 var(_cons) |   3.370262   .9633726      1.924651    5.901676[] 
 []


Overfull \hbox (149.68655pt too wide) in paragraph at lines 482--482
[]\TU/lmtt/m/n/10.95 -----------------------------+------------------------------------------------[] 
 []


Overfull \hbox (149.68655pt too wide) in paragraph at lines 483--483
[]               \TU/lmtt/m/n/10.95 var(Residual) |   36.01906   .9346936      34.23291    37.89842[] 
 []


Overfull \hbox (149.68655pt too wide) in paragraph at lines 484--484
[]\TU/lmtt/m/n/10.95 ------------------------------------------------------------------------------[] 
 []


Overfull \hbox (149.68655pt too wide) in paragraph at lines 485--485
[]\TU/lmtt/m/n/10.95 LR test vs. linear model: chi2(2) = 198.01                Prob > chi2 = 0.0000[] 
 []


Overfull \hbox (57.70657pt too wide) in paragraph at lines 487--487
[]\TU/lmtt/m/n/10.95 Note: LR test is conservative and provided only for reference.[] 
 []


LaTeX Warning: Reference `eq-MLMsimple' on page 9 undefined on input line 493.

[9]
File: index_files/figure-pdf/unnamed-chunk-11-1.pdf Graphic file (type pdf)
<use index_files/figure-pdf/unnamed-chunk-11-1.pdf>

Overfull \hbox (97.94781pt too wide) in paragraph at lines 547--547
[]\TU/lmtt/m/n/10.95 Formula: outcome ~ warmth + physical_punishment + group + HDI + ((1 |[] 
 []

[10]

LaTeX Warning: Reference `eq-MLMsimple' on page 11 undefined on input line 583.


Underfull \hbox (badness 10000) in paragraph at lines 585--586
[]\TU/lmtt/m/n/10.95 fit(MixedModel, @formula(y ~ x + z + (1 + x |
 []

[11]
File: index_files/figure-pdf/unnamed-chunk-14-J1.pdf Graphic file (type pdf)
<use index_files/figure-pdf/unnamed-chunk-14-J1.pdf>

Overfull \hbox (172.68155pt too wide) in paragraph at lines 645--645
[] \TU/lmtt/m/n/10.95 outcome ~ 1 + warmth + physical_punishment + group + HDI + (1 + warmth | country)[] 
 []

[12]
Overfull \hbox (17.46533pt too wide) in paragraph at lines 647--647
[] \TU/lmtt/m/n/10.95 -9667.9392 19335.8783 19353.8783 19353.9385 19407.9357[] 
 []


Overfull \hbox (0.21909pt too wide) in paragraph at lines 654--654
[] \TU/lmtt/m/n/10.95 Number of obs: 3000; levels of grouping factors: 30[] 
 []

Missing character: There is no  (U+2500) in font [lmmono10-regular]:!
Missing character: There is no  (U+2500) in font [lmmono10-regular]:!
Missing character: There is no  (U+2500) in font [lmmono10-regular]:!
Missing character: There is no  (U+2500) in font [lmmono10-regular]:!
Missing character: There is no  (U+2500) in font [lmmono10-regular]:!
Missing character: There is no  (U+2500) in font [lmmono10-regular]:!
Missing character: There is no  (U+2500) in font [lmmono10-regular]:!
Missing character: There is no  (U+2500) in font [lmmono10-regular]:!
Missing character: There is no  (U+2500) in font [lmmono10-regular]:!
Missing character: There is no  (U+2500) in font [lmmono10-regular]:!
Missing character: There is no  (U+2500) in font [lmmono10-regular]:!
Missing character: There is no  (U+2500) in font [lmmono10-regular]:!
Missing character: There is no  (U+2500) in font [lmmono10-regular]:!
Missing character: There is no  (U+2500) in font [lmmono10-regular]:!
Missing character: There is no  (U+2500) in font [lmmono10-regular]:!
Missing character: There is no  (U+2500) in font [lmmono10-regular]:!
Missing character: There is no  (U+2500) in font [lmmono10-regular]:!
Missing character: There is no  (U+2500) in font [lmmono10-regular]:!
Missing character: There is no  (U+2500) in font [lmmono10-regular]:!
Missing character: There is no  (U+2500) in font [lmmono10-regular]:!
Missing character: There is no  (U+2500) in font [lmmono10-regular]:!
Missing character: There is no  (U+2500) in font [lmmono10-regular]:!
Missing character: There is no  (U+2500) in font [lmmono10-regular]:!
Missing character: There is no  (U+2500) in font [lmmono10-regular]:!
Missing character: There is no  (U+2500) in font [lmmono10-regular]:!
Missing character: There is no  (U+2500) in font [lmmono10-regular]:!
Missing character: There is no  (U+2500) in font [lmmono10-regular]:!
Missing character: There is no  (U+2500) in font [lmmono10-regular]:!
Missing character: There is no  (U+2500) in font [lmmono10-regular]:!
Missing character: There is no  (U+2500) in font [lmmono10-regular]:!
Missing character: There is no  (U+2500) in font [lmmono10-regular]:!
Missing character: There is no  (U+2500) in font [lmmono10-regular]:!
Missing character: There is no  (U+2500) in font [lmmono10-regular]:!
Missing character: There is no  (U+2500) in font [lmmono10-regular]:!
Missing character: There is no  (U+2500) in font [lmmono10-regular]:!
Missing character: There is no  (U+2500) in font [lmmono10-regular]:!
Missing character: There is no  (U+2500) in font [lmmono10-regular]:!
Missing character: There is no  (U+2500) in font [lmmono10-regular]:!
Missing character: There is no  (U+2500) in font [lmmono10-regular]:!
Missing character: There is no  (U+2500) in font [lmmono10-regular]:!
Missing character: There is no  (U+2500) in font [lmmono10-regular]:!
Missing character: There is no  (U+2500) in font [lmmono10-regular]:!
Missing character: There is no  (U+2500) in font [lmmono10-regular]:!
Missing character: There is no  (U+2500) in font [lmmono10-regular]:!
Missing character: There is no  (U+2500) in font [lmmono10-regular]:!
Missing character: There is no  (U+2500) in font [lmmono10-regular]:!
Missing character: There is no  (U+2500) in font [lmmono10-regular]:!
Missing character: There is no  (U+2500) in font [lmmono10-regular]:!
Missing character: There is no  (U+2500) in font [lmmono10-regular]:!
Missing character: There is no  (U+2500) in font [lmmono10-regular]:!
Missing character: There is no  (U+2500) in font [lmmono10-regular]:!
Missing character: There is no  (U+2500) in font [lmmono10-regular]:!
Missing character: There is no  (U+2500) in font [lmmono10-regular]:!
Missing character: There is no  (U+2500) in font [lmmono10-regular]:!
Missing character: There is no  (U+2500) in font [lmmono10-regular]:!
Missing character: There is no  (U+2500) in font [lmmono10-regular]:!
Missing character: There is no  (U+2500) in font [lmmono10-regular]:!
Missing character: There is no  (U+2500) in font [lmmono10-regular]:!
Missing character: There is no  (U+2500) in font [lmmono10-regular]:!
Missing character: There is no  (U+2500) in font [lmmono10-regular]:!
Missing character: There is no  (U+2500) in font [lmmono10-regular]:!
Missing character: There is no  (U+2500) in font [lmmono10-regular]:!
Missing character: There is no  (U+2500) in font [lmmono10-regular]:!
Missing character: There is no  (U+2500) in font [lmmono10-regular]:!
Missing character: There is no  (U+2500) in font [lmmono10-regular]:!

Overfull \hbox (51.95782pt too wide) in paragraph at lines 658--658
[]                          \TU/lmtt/m/n/10.95 Coef.  Std. Error       z  Pr(>|z|)[] 
 []

Missing character: There is no  (U+2500) in font [lmmono10-regular]:!
Missing character: There is no  (U+2500) in font [lmmono10-regular]:!
Missing character: There is no  (U+2500) in font [lmmono10-regular]:!
Missing character: There is no  (U+2500) in font [lmmono10-regular]:!
Missing character: There is no  (U+2500) in font [lmmono10-regular]:!
Missing character: There is no  (U+2500) in font [lmmono10-regular]:!
Missing character: There is no  (U+2500) in font [lmmono10-regular]:!
Missing character: There is no  (U+2500) in font [lmmono10-regular]:!
Missing character: There is no  (U+2500) in font [lmmono10-regular]:!
Missing character: There is no  (U+2500) in font [lmmono10-regular]:!
Missing character: There is no  (U+2500) in font [lmmono10-regular]:!
Missing character: There is no  (U+2500) in font [lmmono10-regular]:!
Missing character: There is no  (U+2500) in font [lmmono10-regular]:!
Missing character: There is no  (U+2500) in font [lmmono10-regular]:!
Missing character: There is no  (U+2500) in font [lmmono10-regular]:!
Missing character: There is no  (U+2500) in font [lmmono10-regular]:!
Missing character: There is no  (U+2500) in font [lmmono10-regular]:!
Missing character: There is no  (U+2500) in font [lmmono10-regular]:!
Missing character: There is no  (U+2500) in font [lmmono10-regular]:!
Missing character: There is no  (U+2500) in font [lmmono10-regular]:!
Missing character: There is no  (U+2500) in font [lmmono10-regular]:!
Missing character: There is no  (U+2500) in font [lmmono10-regular]:!
Missing character: There is no  (U+2500) in font [lmmono10-regular]:!
Missing character: There is no  (U+2500) in font [lmmono10-regular]:!
Missing character: There is no  (U+2500) in font [lmmono10-regular]:!
Missing character: There is no  (U+2500) in font [lmmono10-regular]:!
Missing character: There is no  (U+2500) in font [lmmono10-regular]:!
Missing character: There is no  (U+2500) in font [lmmono10-regular]:!
Missing character: There is no  (U+2500) in font [lmmono10-regular]:!
Missing character: There is no  (U+2500) in font [lmmono10-regular]:!
Missing character: There is no  (U+2500) in font [lmmono10-regular]:!
Missing character: There is no  (U+2500) in font [lmmono10-regular]:!
Missing character: There is no  (U+2500) in font [lmmono10-regular]:!
Missing character: There is no  (U+2500) in font [lmmono10-regular]:!
Missing character: There is no  (U+2500) in font [lmmono10-regular]:!
Missing character: There is no  (U+2500) in font [lmmono10-regular]:!
Missing character: There is no  (U+2500) in font [lmmono10-regular]:!
Missing character: There is no  (U+2500) in font [lmmono10-regular]:!
Missing character: There is no  (U+2500) in font [lmmono10-regular]:!
Missing character: There is no  (U+2500) in font [lmmono10-regular]:!
Missing character: There is no  (U+2500) in font [lmmono10-regular]:!
Missing character: There is no  (U+2500) in font [lmmono10-regular]:!
Missing character: There is no  (U+2500) in font [lmmono10-regular]:!
Missing character: There is no  (U+2500) in font [lmmono10-regular]:!
Missing character: There is no  (U+2500) in font [lmmono10-regular]:!
Missing character: There is no  (U+2500) in font [lmmono10-regular]:!
Missing character: There is no  (U+2500) in font [lmmono10-regular]:!
Missing character: There is no  (U+2500) in font [lmmono10-regular]:!
Missing character: There is no  (U+2500) in font [lmmono10-regular]:!
Missing character: There is no  (U+2500) in font [lmmono10-regular]:!
Missing character: There is no  (U+2500) in font [lmmono10-regular]:!
Missing character: There is no  (U+2500) in font [lmmono10-regular]:!
Missing character: There is no  (U+2500) in font [lmmono10-regular]:!
Missing character: There is no  (U+2500) in font [lmmono10-regular]:!
Missing character: There is no  (U+2500) in font [lmmono10-regular]:!
Missing character: There is no  (U+2500) in font [lmmono10-regular]:!
Missing character: There is no  (U+2500) in font [lmmono10-regular]:!
Missing character: There is no  (U+2500) in font [lmmono10-regular]:!
Missing character: There is no  (U+2500) in font [lmmono10-regular]:!
Missing character: There is no  (U+2500) in font [lmmono10-regular]:!
Missing character: There is no  (U+2500) in font [lmmono10-regular]:!
Missing character: There is no  (U+2500) in font [lmmono10-regular]:!
Missing character: There is no  (U+2500) in font [lmmono10-regular]:!
Missing character: There is no  (U+2500) in font [lmmono10-regular]:!
Missing character: There is no  (U+2500) in font [lmmono10-regular]:!

Overfull \hbox (51.95782pt too wide) in paragraph at lines 660--660
[]\TU/lmtt/m/n/10.95 (Intercept)          49.9018      1.43435     34.79    <1e-99[] 
 []


Overfull \hbox (51.95782pt too wide) in paragraph at lines 661--661
[]\TU/lmtt/m/n/10.95 warmth                0.961545    0.0582135   16.52    <1e-60[] 
 []


Overfull \hbox (51.95782pt too wide) in paragraph at lines 662--662
[]\TU/lmtt/m/n/10.95 physical_punishment  -0.845389    0.0798149  -10.59    <1e-25[] 
 []


Overfull \hbox (51.95782pt too wide) in paragraph at lines 663--663
[]\TU/lmtt/m/n/10.95 group                 1.08524     0.220055     4.93    <1e-06[] 
 []


Overfull \hbox (51.95782pt too wide) in paragraph at lines 664--664
[]\TU/lmtt/m/n/10.95 HDI                   0.0101984   0.0204401    0.50    0.6178[] 
 []

Missing character: There is no  (U+2500) in font [lmmono10-regular]:!
Missing character: There is no  (U+2500) in font [lmmono10-regular]:!
Missing character: There is no  (U+2500) in font [lmmono10-regular]:!
Missing character: There is no  (U+2500) in font [lmmono10-regular]:!
Missing character: There is no  (U+2500) in font [lmmono10-regular]:!
Missing character: There is no  (U+2500) in font [lmmono10-regular]:!
Missing character: There is no  (U+2500) in font [lmmono10-regular]:!
Missing character: There is no  (U+2500) in font [lmmono10-regular]:!
Missing character: There is no  (U+2500) in font [lmmono10-regular]:!
Missing character: There is no  (U+2500) in font [lmmono10-regular]:!
Missing character: There is no  (U+2500) in font [lmmono10-regular]:!
Missing character: There is no  (U+2500) in font [lmmono10-regular]:!
Missing character: There is no  (U+2500) in font [lmmono10-regular]:!
Missing character: There is no  (U+2500) in font [lmmono10-regular]:!
Missing character: There is no  (U+2500) in font [lmmono10-regular]:!
Missing character: There is no  (U+2500) in font [lmmono10-regular]:!
Missing character: There is no  (U+2500) in font [lmmono10-regular]:!
Missing character: There is no  (U+2500) in font [lmmono10-regular]:!
Missing character: There is no  (U+2500) in font [lmmono10-regular]:!
Missing character: There is no  (U+2500) in font [lmmono10-regular]:!
Missing character: There is no  (U+2500) in font [lmmono10-regular]:!
Missing character: There is no  (U+2500) in font [lmmono10-regular]:!
Missing character: There is no  (U+2500) in font [lmmono10-regular]:!
Missing character: There is no  (U+2500) in font [lmmono10-regular]:!
Missing character: There is no  (U+2500) in font [lmmono10-regular]:!
Missing character: There is no  (U+2500) in font [lmmono10-regular]:!
Missing character: There is no  (U+2500) in font [lmmono10-regular]:!
Missing character: There is no  (U+2500) in font [lmmono10-regular]:!
Missing character: There is no  (U+2500) in font [lmmono10-regular]:!
Missing character: There is no  (U+2500) in font [lmmono10-regular]:!
Missing character: There is no  (U+2500) in font [lmmono10-regular]:!
Missing character: There is no  (U+2500) in font [lmmono10-regular]:!
Missing character: There is no  (U+2500) in font [lmmono10-regular]:!
Missing character: There is no  (U+2500) in font [lmmono10-regular]:!
Missing character: There is no  (U+2500) in font [lmmono10-regular]:!
Missing character: There is no  (U+2500) in font [lmmono10-regular]:!
Missing character: There is no  (U+2500) in font [lmmono10-regular]:!
Missing character: There is no  (U+2500) in font [lmmono10-regular]:!
Missing character: There is no  (U+2500) in font [lmmono10-regular]:!
Missing character: There is no  (U+2500) in font [lmmono10-regular]:!
Missing character: There is no  (U+2500) in font [lmmono10-regular]:!
Missing character: There is no  (U+2500) in font [lmmono10-regular]:!
Missing character: There is no  (U+2500) in font [lmmono10-regular]:!
Missing character: There is no  (U+2500) in font [lmmono10-regular]:!
Missing character: There is no  (U+2500) in font [lmmono10-regular]:!
Missing character: There is no  (U+2500) in font [lmmono10-regular]:!
Missing character: There is no  (U+2500) in font [lmmono10-regular]:!
Missing character: There is no  (U+2500) in font [lmmono10-regular]:!
Missing character: There is no  (U+2500) in font [lmmono10-regular]:!
Missing character: There is no  (U+2500) in font [lmmono10-regular]:!
Missing character: There is no  (U+2500) in font [lmmono10-regular]:!
Missing character: There is no  (U+2500) in font [lmmono10-regular]:!
Missing character: There is no  (U+2500) in font [lmmono10-regular]:!
Missing character: There is no  (U+2500) in font [lmmono10-regular]:!
Missing character: There is no  (U+2500) in font [lmmono10-regular]:!
Missing character: There is no  (U+2500) in font [lmmono10-regular]:!
Missing character: There is no  (U+2500) in font [lmmono10-regular]:!
Missing character: There is no  (U+2500) in font [lmmono10-regular]:!
Missing character: There is no  (U+2500) in font [lmmono10-regular]:!
Missing character: There is no  (U+2500) in font [lmmono10-regular]:!
Missing character: There is no  (U+2500) in font [lmmono10-regular]:!
Missing character: There is no  (U+2500) in font [lmmono10-regular]:!
Missing character: There is no  (U+2500) in font [lmmono10-regular]:!
Missing character: There is no  (U+2500) in font [lmmono10-regular]:!
Missing character: There is no  (U+2500) in font [lmmono10-regular]:!
[13]
chapter 2.
File: bookcover.png Graphic file (type bmp)
<bookcover.png>

Overfull \hbox (24.08258pt too wide) in paragraph at lines 706--707
 [][] 
 []


Overfull \hbox (74.74481pt too wide) in paragraph at lines 714--720
\TU/lmr/m/n/10.95 The examples below use the \TU/lmtt/m/n/10.95 simulated_multilevel_longitudinal_data.dta
 []


Overfull \hbox (12.01115pt too wide) in paragraph at lines 736--737
 []\TU/lmr/m/n/10.95 country 
 []


Overfull \hbox (6.05818pt too wide) in paragraph at lines 738--739
 []\TU/lmr/m/n/10.95 HDI 
 []


Overfull \hbox (7.70055pt too wide) in paragraph at lines 740--741
 []\TU/lmr/m/n/10.95 family 
 []


Overfull \hbox (8.12033pt too wide) in paragraph at lines 744--745
 []\TU/lmr/m/n/10.95 group 
 []


Overfull \hbox (48.95137pt too wide) in paragraph at lines 748--749
 []\TU/lmr/m/n/10.95 physical_punishment 
 []


Overfull \hbox (14.42384pt too wide) in paragraph at lines 750--751
 []\TU/lmr/m/n/10.95 warmth 
 []


Overfull \hbox (16.01884pt too wide) in paragraph at lines 752--753
 []\TU/lmr/m/n/10.95 outcome 
 []


Overfull \hbox (12.01115pt too wide) in paragraph at lines 758--759
 []\TU/lmr/m/n/10.95 country 
 []


Overfull \hbox (6.05818pt too wide) in paragraph at lines 760--761
 []\TU/lmr/m/n/10.95 HDI 
 []


Overfull \hbox (7.70055pt too wide) in paragraph at lines 762--763
 []\TU/lmr/m/n/10.95 family 
 []


Overfull \hbox (8.12033pt too wide) in paragraph at lines 766--767
 []\TU/lmr/m/n/10.95 group 
 []


Overfull \hbox (48.95137pt too wide) in paragraph at lines 770--771
 []\TU/lmr/m/n/10.95 physical_punishment 
 []


Overfull \hbox (14.42384pt too wide) in paragraph at lines 772--773
 []\TU/lmr/m/n/10.95 warmth 
 []


Overfull \hbox (16.01884pt too wide) in paragraph at lines 774--775
 []\TU/lmr/m/n/10.95 outcome 
 []


Overfull \hbox (0.82025pt too wide) in paragraph at lines 780--781
 []|\TU/lmr/m/n/10.95 59.18| 
 []


Overfull \hbox (0.82025pt too wide) in paragraph at lines 781--782
 []|\TU/lmr/m/n/10.95 58.29| 
 []


Overfull \hbox (0.82025pt too wide) in paragraph at lines 782--783
 []|\TU/lmr/m/n/10.95 60.58| 
 []


Overfull \hbox (0.82025pt too wide) in paragraph at lines 783--784
 []|\TU/lmr/m/n/10.95 61.54| 
 []


Overfull \hbox (0.82025pt too wide) in paragraph at lines 784--785
 []|\TU/lmr/m/n/10.95 55.96| 
 []


Overfull \hbox (0.82025pt too wide) in paragraph at lines 785--786
 []|\TU/lmr/m/n/10.95 56.19| 
 []

[14

]

! Package amsmath Error: \begin{gather} allowed only in paragraph mode.

See the amsmath package documentation for explanation.
Type  H <return>  for immediate help.
 ...                                              
                                                  
l.791 ...ssclassifiedsubstantive}{}{\begin{gather}
                                                   \text{outcome}_{ijt}= \be... 
Here is how much of TeX's memory you used:
 39816 strings out of 478663
 820349 string characters out of 5847144
 1864018 words of memory out of 5000000
 59334 multiletter control sequences out of 15000+600000
 518758 words of font info for 87 fonts, out of 8000000 for 9000
 14 hyphenation exceptions out of 8191
 108i,9n,121p,10600b,1023s stack positions out of 10000i,1000n,20000p,200000b,200000s

Output written on index.pdf (14 pages).
